[+] Containers:
 |- [+] Container: /Game/ThirdPerson/Maps/GameJamMapa
 |   |- [+] ActorDescs:
 |   |   |- Guid:02698FAF452130AD86EAA7A7B5C883EA BaseClass: NativeClass:/Script/Engine.PlayerStart Name:PlayerStart_0 Label:PlayerStart SpatiallyLoaded:0 Bounds:IsValid=true, Min=(X=860.000 Y=1070.000 Z=0.013), Max=(X=940.000 Y=1150.000 Z=184.013) RuntimeGrid:None EditorOnly:0 RuntimeOnly:0 HLODRelevant:0 ListedInSceneOutliner:1 IsMainWorldOnly:0
 |   |   |- Guid:0539F7E74009538BFEF5B3A0DAED0ED6 BaseClass: NativeClass:/Script/Engine.StaticMeshActor Name:StaticMeshActor_UAID_F4B52010A105CA4502_1284222917 Label:LabirintoModular_Piso_Almofadas__001 SpatiallyLoaded:1 Bounds:IsValid=true, Min=(X=-37.454 Y=2683.574 Z=67.094), Max=(X=121.818 Y=2843.838 Z=241.940) RuntimeGrid:None EditorOnly:0 RuntimeOnly:0 HLODRelevant:1 ListedInSceneOutliner:1 IsMainWorldOnly:0
 |   |   |- Guid:0DB23EFE44EF993FDAA8B38CE54F67E0 BaseClass: NativeClass:/Script/Engine.WorldDataLayers Name:WorldDataLayers Label:WorldDataLayers SpatiallyLoaded:0 Bounds:Invalid RuntimeGrid:None EditorOnly:0 RuntimeOnly:0 HLODRelevant:0 ListedInSceneOutliner:1 IsMainWorldOnly:1
 |   |   |- Guid:16CE03C944356F4EE36360ADC4783ABD BaseClass: NativeClass:/Script/Engine.StaticMeshActor Name:StaticMeshActor_UAID_F4B52010A105CA4502_1284220916 Label:LabirintoModular_Piso_Almofadas__002 SpatiallyLoaded:1 Bounds:IsValid=true, Min=(X=-196.274 Y=2530.389 Z=-24.019), Max=(X=-36.010 Y=2689.661 Z=150.828) RuntimeGrid:None EditorOnly:0 RuntimeOnly:0 HLODRelevant:1 ListedInSceneOutliner:1 IsMainWorldOnly:0
 |   |   |- Guid:1D8EA152482796D2B69C5F94181879B9 BaseClass: NativeClass:/Script/Engine.StaticMeshActor Name:StaticMeshActor_1 Label:SM_Cube SpatiallyLoaded:1 Bounds:IsValid=true, Min=(X=-577.081 Y=-1575.661 Z=-50.000), Max=(X=4747.919 Y=4249.339 Z=0.000) RuntimeGrid:None EditorOnly:0 RuntimeOnly:0 HLODRelevant:1 ListedInSceneOutliner:1 IsMainWorldOnly:0 FolderPath:Playground FolderGuid:C73F09FC4215536B1DCE2A9E0A830C70
 |   |   |- Guid:2C82FA9346E10D10E34E2982246547E8 BaseClass:/Game/BP_Obstacle2.BP_Obstacle2_C NativeClass:/Script/Engine.Actor Name:BP_Obstacle2_C_UAID_F4B52010A105C94502_1642389736 Label:BP_Obstacle3 SpatiallyLoaded:1 Bounds:IsValid=true, Min=(X=461.183 Y=3637.394 Z=0.449), Max=(X=685.183 Y=3833.394 Z=193.903) RuntimeGrid:None EditorOnly:0 RuntimeOnly:0 HLODRelevant:0 ListedInSceneOutliner:1 IsMainWorldOnly:0
 |   |   |- Guid:4A6B9F4D4E4A5211B159B6ABF843BF3D BaseClass: NativeClass:/Script/Engine.VolumetricCloud Name:VolumetricCloud_0 Label:VolumetricCloud SpatiallyLoaded:0 Bounds:IsValid=true, Min=(X=0.000 Y=0.000 Z=820.000), Max=(X=0.000 Y=0.000 Z=820.000) RuntimeGrid:None EditorOnly:0 RuntimeOnly:0 HLODRelevant:0 ListedInSceneOutliner:1 IsMainWorldOnly:0 FolderPath:Lighting FolderGuid:963EC3EB4002CCE9759E2EBA541A873A
 |   |   |- Guid:8D6C71314B65D3854004D0904F840F17 BaseClass: NativeClass:/Script/Engine.SkyAtmosphere Name:SkyAtmosphere_0 Label:SkyAtmosphere SpatiallyLoaded:0 Bounds:IsValid=true, Min=(X=0.000 Y=0.000 Z=1020.000), Max=(X=0.000 Y=0.000 Z=1020.000) RuntimeGrid:None EditorOnly:0 RuntimeOnly:0 HLODRelevant:0 ListedInSceneOutliner:1 IsMainWorldOnly:0 FolderPath:Lighting FolderGuid:963EC3EB4002CCE9759E2EBA541A873A
 |   |   |- Guid:8EDEC2C84075E533CF98278EFFABA081 BaseClass: NativeClass:/Script/Engine.ExponentialHeightFog Name:ExponentialHeightFog_0 Label:ExponentialHeightFog SpatiallyLoaded:0 Bounds:IsValid=true, Min=(X=1887.368 Y=45.662 Z=431.510), Max=(X=1887.368 Y=45.662 Z=431.510) RuntimeGrid:None EditorOnly:0 RuntimeOnly:0 HLODRelevant:0 ListedInSceneOutliner:1 IsMainWorldOnly:0 FolderPath:Lighting FolderGuid:963EC3EB4002CCE9759E2EBA541A873A
 |   |   |- Guid:AEE7DF2047D794BBD02C6298E0B2AB3E BaseClass: NativeClass:/Script/Engine.PostProcessVolume Name:PostProcessVolume_0 Label:PostProcessVolume SpatiallyLoaded:0 Bounds:IsValid=true, Min=(X=0.000 Y=0.000 Z=400.000), Max=(X=200.000 Y=200.000 Z=600.000) RuntimeGrid:None EditorOnly:0 RuntimeOnly:0 HLODRelevant:0 ListedInSceneOutliner:1 IsMainWorldOnly:0 FolderPath:Lighting FolderGuid:963EC3EB4002CCE9759E2EBA541A873A
 |   |   |- Guid:C46769D44446E9D2C660A6B7EEDA0A42 BaseClass: NativeClass:/Script/Engine.DirectionalLight Name:DirectionalLight_0 Label:DirectionalLight SpatiallyLoaded:0 Bounds:Invalid RuntimeGrid:None EditorOnly:0 RuntimeOnly:0 HLODRelevant:0 ListedInSceneOutliner:1 IsMainWorldOnly:0 FolderPath:Lighting FolderGuid:963EC3EB4002CCE9759E2EBA541A873A
 |   |   |- Guid:DCBD06374E408C3676EB69B9319FF358 BaseClass:/Game/BP_Obstacle.BP_Obstacle_C NativeClass:/Script/Engine.Actor Name:BP_Obstacle_C_UAID_F4B52010A1052B4502_1416715929 Label:BP_Obstacle2 SpatiallyLoaded:1 Bounds:IsValid=true, Min=(X=900.554 Y=3419.363 Z=41.727), Max=(X=1728.554 Y=4199.363 Z=517.727) RuntimeGrid:None EditorOnly:0 RuntimeOnly:0 HLODRelevant:0 ListedInSceneOutliner:1 IsMainWorldOnly:0
 |   |   |- Guid:EF8ACA514376489C2C2C4E899035051B BaseClass: NativeClass:/Script/Engine.StaticMeshActor Name:StaticMeshActor_UAID_F4B52010A105CA4502_1284217915 Label:LabirintoModular_PISO_ALMOFADA_02_001 SpatiallyLoaded:1 Bounds:IsValid=true, Min=(X=-196.676 Y=2684.124 Z=12.477), Max=(X=-36.183 Y=2844.371 Z=187.324) RuntimeGrid:None EditorOnly:0 RuntimeOnly:0 HLODRelevant:1 ListedInSceneOutliner:1 IsMainWorldOnly:0
 |   |   |- Guid:FD3967C94EE9133B095AFFAD2D682EAF BaseClass: NativeClass:/Script/Engine.SkyLight Name:SkyLight_1 Label:SkyLight SpatiallyLoaded:0 Bounds:IsValid=true, Min=(X=0.000 Y=0.000 Z=690.000), Max=(X=0.000 Y=0.000 Z=690.000) RuntimeGrid:None EditorOnly:0 RuntimeOnly:0 HLODRelevant:0 ListedInSceneOutliner:1 IsMainWorldOnly:0 FolderPath:Lighting FolderGuid:963EC3EB4002CCE9759E2EBA541A873A
 |   |- [+] Clusters:
 |   |   |- [+] [  0]
 |   |   |   |- Guid:02698FAF452130AD86EAA7A7B5C883EA BaseClass: NativeClass:/Script/Engine.PlayerStart Name:PlayerStart_0 Label:PlayerStart SpatiallyLoaded:0 Bounds:IsValid=true, Min=(X=860.000 Y=1070.000 Z=0.013), Max=(X=940.000 Y=1150.000 Z=184.013) RuntimeGrid:None EditorOnly:0 RuntimeOnly:0 HLODRelevant:0 ListedInSceneOutliner:1 IsMainWorldOnly:0
 |   |   |- [+] [  1]
 |   |   |   |- Guid:0539F7E74009538BFEF5B3A0DAED0ED6 BaseClass: NativeClass:/Script/Engine.StaticMeshActor Name:StaticMeshActor_UAID_F4B52010A105CA4502_1284222917 Label:LabirintoModular_Piso_Almofadas__001 SpatiallyLoaded:1 Bounds:IsValid=true, Min=(X=-37.454 Y=2683.574 Z=67.094), Max=(X=121.818 Y=2843.838 Z=241.940) RuntimeGrid:None EditorOnly:0 RuntimeOnly:0 HLODRelevant:1 ListedInSceneOutliner:1 IsMainWorldOnly:0
 |   |   |- [+] [  2]
 |   |   |   |- Guid:0DB23EFE44EF993FDAA8B38CE54F67E0 BaseClass: NativeClass:/Script/Engine.WorldDataLayers Name:WorldDataLayers Label:WorldDataLayers SpatiallyLoaded:0 Bounds:Invalid RuntimeGrid:None EditorOnly:0 RuntimeOnly:0 HLODRelevant:0 ListedInSceneOutliner:1 IsMainWorldOnly:1
 |   |   |- [+] [  3]
 |   |   |   |- Guid:16CE03C944356F4EE36360ADC4783ABD BaseClass: NativeClass:/Script/Engine.StaticMeshActor Name:StaticMeshActor_UAID_F4B52010A105CA4502_1284220916 Label:LabirintoModular_Piso_Almofadas__002 SpatiallyLoaded:1 Bounds:IsValid=true, Min=(X=-196.274 Y=2530.389 Z=-24.019), Max=(X=-36.010 Y=2689.661 Z=150.828) RuntimeGrid:None EditorOnly:0 RuntimeOnly:0 HLODRelevant:1 ListedInSceneOutliner:1 IsMainWorldOnly:0
 |   |   |- [+] [  4]
 |   |   |   |- Guid:1D8EA152482796D2B69C5F94181879B9 BaseClass: NativeClass:/Script/Engine.StaticMeshActor Name:StaticMeshActor_1 Label:SM_Cube SpatiallyLoaded:1 Bounds:IsValid=true, Min=(X=-577.081 Y=-1575.661 Z=-50.000), Max=(X=4747.919 Y=4249.339 Z=0.000) RuntimeGrid:None EditorOnly:0 RuntimeOnly:0 HLODRelevant:1 ListedInSceneOutliner:1 IsMainWorldOnly:0 FolderPath:Playground FolderGuid:C73F09FC4215536B1DCE2A9E0A830C70
 |   |   |- [+] [  5]
 |   |   |   |- Guid:2C82FA9346E10D10E34E2982246547E8 BaseClass:/Game/BP_Obstacle2.BP_Obstacle2_C NativeClass:/Script/Engine.Actor Name:BP_Obstacle2_C_UAID_F4B52010A105C94502_1642389736 Label:BP_Obstacle3 SpatiallyLoaded:1 Bounds:IsValid=true, Min=(X=461.183 Y=3637.394 Z=0.449), Max=(X=685.183 Y=3833.394 Z=193.903) RuntimeGrid:None EditorOnly:0 RuntimeOnly:0 HLODRelevant:0 ListedInSceneOutliner:1 IsMainWorldOnly:0
 |   |   |- [+] [  6]
 |   |   |   |- Guid:4A6B9F4D4E4A5211B159B6ABF843BF3D BaseClass: NativeClass:/Script/Engine.VolumetricCloud Name:VolumetricCloud_0 Label:VolumetricCloud SpatiallyLoaded:0 Bounds:IsValid=true, Min=(X=0.000 Y=0.000 Z=820.000), Max=(X=0.000 Y=0.000 Z=820.000) RuntimeGrid:None EditorOnly:0 RuntimeOnly:0 HLODRelevant:0 ListedInSceneOutliner:1 IsMainWorldOnly:0 FolderPath:Lighting FolderGuid:963EC3EB4002CCE9759E2EBA541A873A
 |   |   |- [+] [  7]
 |   |   |   |- Guid:8D6C71314B65D3854004D0904F840F17 BaseClass: NativeClass:/Script/Engine.SkyAtmosphere Name:SkyAtmosphere_0 Label:SkyAtmosphere SpatiallyLoaded:0 Bounds:IsValid=true, Min=(X=0.000 Y=0.000 Z=1020.000), Max=(X=0.000 Y=0.000 Z=1020.000) RuntimeGrid:None EditorOnly:0 RuntimeOnly:0 HLODRelevant:0 ListedInSceneOutliner:1 IsMainWorldOnly:0 FolderPath:Lighting FolderGuid:963EC3EB4002CCE9759E2EBA541A873A
 |   |   |- [+] [  8]
 |   |   |   |- Guid:8EDEC2C84075E533CF98278EFFABA081 BaseClass: NativeClass:/Script/Engine.ExponentialHeightFog Name:ExponentialHeightFog_0 Label:ExponentialHeightFog SpatiallyLoaded:0 Bounds:IsValid=true, Min=(X=1887.368 Y=45.662 Z=431.510), Max=(X=1887.368 Y=45.662 Z=431.510) RuntimeGrid:None EditorOnly:0 RuntimeOnly:0 HLODRelevant:0 ListedInSceneOutliner:1 IsMainWorldOnly:0 FolderPath:Lighting FolderGuid:963EC3EB4002CCE9759E2EBA541A873A
 |   |   |- [+] [  9]
 |   |   |   |- Guid:AEE7DF2047D794BBD02C6298E0B2AB3E BaseClass: NativeClass:/Script/Engine.PostProcessVolume Name:PostProcessVolume_0 Label:PostProcessVolume SpatiallyLoaded:0 Bounds:IsValid=true, Min=(X=0.000 Y=0.000 Z=400.000), Max=(X=200.000 Y=200.000 Z=600.000) RuntimeGrid:None EditorOnly:0 RuntimeOnly:0 HLODRelevant:0 ListedInSceneOutliner:1 IsMainWorldOnly:0 FolderPath:Lighting FolderGuid:963EC3EB4002CCE9759E2EBA541A873A
 |   |   |- [+] [ 10]
 |   |   |   |- Guid:C46769D44446E9D2C660A6B7EEDA0A42 BaseClass: NativeClass:/Script/Engine.DirectionalLight Name:DirectionalLight_0 Label:DirectionalLight SpatiallyLoaded:0 Bounds:Invalid RuntimeGrid:None EditorOnly:0 RuntimeOnly:0 HLODRelevant:0 ListedInSceneOutliner:1 IsMainWorldOnly:0 FolderPath:Lighting FolderGuid:963EC3EB4002CCE9759E2EBA541A873A
 |   |   |- [+] [ 11]
 |   |   |   |- Guid:DCBD06374E408C3676EB69B9319FF358 BaseClass:/Game/BP_Obstacle.BP_Obstacle_C NativeClass:/Script/Engine.Actor Name:BP_Obstacle_C_UAID_F4B52010A1052B4502_1416715929 Label:BP_Obstacle2 SpatiallyLoaded:1 Bounds:IsValid=true, Min=(X=900.554 Y=3419.363 Z=41.727), Max=(X=1728.554 Y=4199.363 Z=517.727) RuntimeGrid:None EditorOnly:0 RuntimeOnly:0 HLODRelevant:0 ListedInSceneOutliner:1 IsMainWorldOnly:0
 |   |   |- [+] [ 12]
 |   |   |   |- Guid:EF8ACA514376489C2C2C4E899035051B BaseClass: NativeClass:/Script/Engine.StaticMeshActor Name:StaticMeshActor_UAID_F4B52010A105CA4502_1284217915 Label:LabirintoModular_PISO_ALMOFADA_02_001 SpatiallyLoaded:1 Bounds:IsValid=true, Min=(X=-196.676 Y=2684.124 Z=12.477), Max=(X=-36.183 Y=2844.371 Z=187.324) RuntimeGrid:None EditorOnly:0 RuntimeOnly:0 HLODRelevant:1 ListedInSceneOutliner:1 IsMainWorldOnly:0
 |   |   |- [+] [ 13]
 |   |   |   |- Guid:FD3967C94EE9133B095AFFAD2D682EAF BaseClass: NativeClass:/Script/Engine.SkyLight Name:SkyLight_1 Label:SkyLight SpatiallyLoaded:0 Bounds:IsValid=true, Min=(X=0.000 Y=0.000 Z=690.000), Max=(X=0.000 Y=0.000 Z=690.000) RuntimeGrid:None EditorOnly:0 RuntimeOnly:0 HLODRelevant:0 ListedInSceneOutliner:1 IsMainWorldOnly:0 FolderPath:Lighting FolderGuid:963EC3EB4002CCE9759E2EBA541A873A
 |- ContainerInstances:
 |- [+] MainContainer:
 |   |-        ID: 00000000000000000000000000000000
 |   |-  ParentID: 00000000000000000000000000000000
 |   |-    Bounds: IsValid=false, Min=(X=0.000 Y=0.000 Z=0.000), Max=(X=0.000 Y=0.000 Z=0.000)
 |   |- Transform: 0.000000,0.000000,0.000000|0.000000,0.000000,-0.000000|1.000000,1.000000,1.000000
 |   |- Container: /Game/ThirdPerson/Maps/GameJamMapa
----------------------------------------------------------------------------------------------------------------
GameJamMapa - Persistent Level
----------------------------------------------------------------------------------------------------------------
[+] Content of GameJamMapa Persistent Level
 |- Always loaded Actor Count: 14 
 |- Actor Path: /Game/ThirdPerson/Maps/GameJamMapa.GameJamMapa:PersistentLevel.BP_Obstacle2_C_UAID_F4B52010A105C94502_1642389736
 |- Actor Package: /Game/__ExternalActors__/ThirdPerson/Maps/GameJamMapa/A/RY/FJ6RNPAZ5DPHNNPU4B3EWB
 |- Actor Path: /Game/ThirdPerson/Maps/GameJamMapa.GameJamMapa:PersistentLevel.BP_Obstacle_C_UAID_F4B52010A1052B4502_1416715929
 |- Actor Package: /Game/__ExternalActors__/ThirdPerson/Maps/GameJamMapa/2/FD/RO5NLTD5UAMC6DGKE8Z82O
 |- Actor Path: /Game/ThirdPerson/Maps/GameJamMapa.GameJamMapa:PersistentLevel.DirectionalLight_0
 |- Actor Package: /Game/__ExternalActors__/ThirdPerson/Maps/GameJamMapa/B/8S/MOUFG3UKFYJF3JN8GVD9IL
 |- Actor Path: /Game/ThirdPerson/Maps/GameJamMapa.GameJamMapa:PersistentLevel.ExponentialHeightFog_0
 |- Actor Package: /Game/__ExternalActors__/ThirdPerson/Maps/GameJamMapa/4/R1/TE8F53CD7Z8XTD3OJIGXUW
 |- Actor Path: /Game/ThirdPerson/Maps/GameJamMapa.GameJamMapa:PersistentLevel.PlayerStart_0
 |- Actor Package: /Game/__ExternalActors__/ThirdPerson/Maps/GameJamMapa/4/HN/JSUE4KFLKX0OQB3XE6UWAL
 |- Actor Path: /Game/ThirdPerson/Maps/GameJamMapa.GameJamMapa:PersistentLevel.PostProcessVolume_0
 |- Actor Package: /Game/__ExternalActors__/ThirdPerson/Maps/GameJamMapa/E/O4/GTLVHNFK3X8FEZDBV8BESR
 |- Actor Path: /Game/ThirdPerson/Maps/GameJamMapa.GameJamMapa:PersistentLevel.SkyAtmosphere_0
 |- Actor Package: /Game/__ExternalActors__/ThirdPerson/Maps/GameJamMapa/A/N2/0Y6R1ANRTBCISUKNX9R2VG
 |- Actor Path: /Game/ThirdPerson/Maps/GameJamMapa.GameJamMapa:PersistentLevel.SkyLight_1
 |- Actor Package: /Game/__ExternalActors__/ThirdPerson/Maps/GameJamMapa/7/PF/1LO3LZI57Z4AFTO3ZWKQG4
 |- Actor Path: /Game/ThirdPerson/Maps/GameJamMapa.GameJamMapa:PersistentLevel.StaticMeshActor_1
 |- Actor Package: /Game/__ExternalActors__/ThirdPerson/Maps/GameJamMapa/C/QC/2NJU9CT0M1JN22U2G5PS5C
 |- Actor Path: /Game/ThirdPerson/Maps/GameJamMapa.GameJamMapa:PersistentLevel.StaticMeshActor_UAID_F4B52010A105CA4502_1284217915
 |- Actor Package: /Game/__ExternalActors__/ThirdPerson/Maps/GameJamMapa/B/RT/OVKZQYNJ0T6NBYVWEOBXKL
 |- Actor Path: /Game/ThirdPerson/Maps/GameJamMapa.GameJamMapa:PersistentLevel.StaticMeshActor_UAID_F4B52010A105CA4502_1284220916
 |- Actor Package: /Game/__ExternalActors__/ThirdPerson/Maps/GameJamMapa/C/VQ/I9IVEJ9ZWRSZRU3ROZJXA3
 |- Actor Path: /Game/ThirdPerson/Maps/GameJamMapa.GameJamMapa:PersistentLevel.StaticMeshActor_UAID_F4B52010A105CA4502_1284222917
 |- Actor Package: /Game/__ExternalActors__/ThirdPerson/Maps/GameJamMapa/F/5C/NAFGXMBW2LGVFLXL02TM34
 |- Actor Path: /Game/ThirdPerson/Maps/GameJamMapa.GameJamMapa:PersistentLevel.VolumetricCloud_0
 |- Actor Package: /Game/__ExternalActors__/ThirdPerson/Maps/GameJamMapa/0/ZS/C4EMD5F5BL5PVG2F3TQSK6
 |- Actor Path: /Game/ThirdPerson/Maps/GameJamMapa.GameJamMapa:PersistentLevel.WorldDataLayers
 |- Actor Package: /Game/__ExternalActors__/ThirdPerson/Maps/GameJamMapa/7/6H/N946KCG1RHYQ1RTPC03DWN

----------------------------------------------------------------------------------------------------------------
GameJamMapa - Runtime Hash Set
----------------------------------------------------------------------------------------------------------------

