[+] Containers:
 |- [+] Container: /Game/ThirdPerson/Maps/GameJamMapa
 |   |- [+] ActorDescs:
 |   |   |- Guid:02698FAF452130AD86EAA7A7B5C883EA BaseClass: NativeClass:/Script/Engine.PlayerStart Name:PlayerStart_0 Label:PlayerStart SpatiallyLoaded:0 Bounds:IsValid=true, Min=(X=1680.000 Y=-180.000 Z=0.013), Max=(X=1760.000 Y=-100.000 Z=184.013) RuntimeGrid:None EditorOnly:0 RuntimeOnly:0 HLODRelevant:0 ListedInSceneOutliner:1 IsMainWorldOnly:0
 |   |   |- Guid:0539F7E74009538BFEF5B3A0DAED0ED6 BaseClass: NativeClass:/Script/Engine.StaticMeshActor Name:StaticMeshActor_UAID_F4B52010A105CA4502_1284222917 Label:LabirintoModular_Piso_Almofadas__001 SpatiallyLoaded:1 Bounds:IsValid=true, Min=(X=-37.454 Y=2683.574 Z=67.094), Max=(X=121.818 Y=2843.838 Z=241.940) RuntimeGrid:None EditorOnly:0 RuntimeOnly:0 HLODRelevant:1 ListedInSceneOutliner:1 IsMainWorldOnly:0
 |   |   |- Guid:05F25EFC4F570584FFEA4A80B34B503E BaseClass: NativeClass:/Script/Engine.StaticMeshActor Name:StaticMeshActor_UAID_F4B52010A105114602_1958159422 Label:LabirintoModular_Piso_Almofadas__14 SpatiallyLoaded:1 Bounds:IsValid=true, Min=(X=2362.509 Y=1526.253 Z=-7.884), Max=(X=2574.872 Y=1739.937 Z=225.244) RuntimeGrid:None EditorOnly:0 RuntimeOnly:0 HLODRelevant:1 ListedInSceneOutliner:1 IsMainWorldOnly:0
 |   |   |- Guid:0600CD0E47F53FA78297F394EA485944 BaseClass: NativeClass:/Script/Engine.StaticMeshActor Name:StaticMeshActor_UAID_F4B52010A105114602_1997478434 Label:LabirintoModular_Piso_Almofadas__25 SpatiallyLoaded:1 Bounds:IsValid=true, Min=(X=1962.509 Y=2550.253 Z=-7.884), Max=(X=2174.872 Y=2763.937 Z=225.244) RuntimeGrid:None EditorOnly:0 RuntimeOnly:0 HLODRelevant:1 ListedInSceneOutliner:1 IsMainWorldOnly:0
 |   |   |- Guid:0A5136D34783BF296E48CFAFD771CD15 BaseClass: NativeClass:/Script/Engine.StaticMeshActor Name:StaticMeshActor_UAID_F4B52010A105114602_2027228442 Label:LabirintoModular_Piso_Almofadas__32 SpatiallyLoaded:1 Bounds:IsValid=true, Min=(X=2985.848 Y=2102.914 Z=-7.884), Max=(X=3199.533 Y=2315.276 Z=225.244) RuntimeGrid:None EditorOnly:0 RuntimeOnly:0 HLODRelevant:1 ListedInSceneOutliner:1 IsMainWorldOnly:0
 |   |   |- Guid:0DB23EFE44EF993FDAA8B38CE54F67E0 BaseClass: NativeClass:/Script/Engine.WorldDataLayers Name:WorldDataLayers Label:WorldDataLayers SpatiallyLoaded:0 Bounds:Invalid RuntimeGrid:None EditorOnly:0 RuntimeOnly:0 HLODRelevant:0 ListedInSceneOutliner:1 IsMainWorldOnly:1
 |   |   |- Guid:1155C9CC49B4363E42B59D9FA9F840C5 BaseClass: NativeClass:/Script/Engine.StaticMeshActor Name:StaticMeshActor_UAID_F4B52010A105114602_1997474431 Label:LabirintoModular_Piso_Almofadas__22 SpatiallyLoaded:1 Bounds:IsValid=true, Min=(X=2562.509 Y=2550.253 Z=-7.884), Max=(X=2774.872 Y=2763.937 Z=225.244) RuntimeGrid:None EditorOnly:0 RuntimeOnly:0 HLODRelevant:1 ListedInSceneOutliner:1 IsMainWorldOnly:0
 |   |   |- Guid:12B4DB2B45EDDA7CA419F08D82D8E799 BaseClass: NativeClass:/Script/Engine.StaticMeshActor Name:StaticMeshActor_UAID_F4B52010A105114602_1874701416 Label:LabirintoModular_Piso_Almofadas__10 SpatiallyLoaded:1 Bounds:IsValid=true, Min=(X=1362.509 Y=454.253 Z=-7.884), Max=(X=1574.872 Y=667.937 Z=225.244) RuntimeGrid:None EditorOnly:0 RuntimeOnly:0 HLODRelevant:1 ListedInSceneOutliner:1 IsMainWorldOnly:0
 |   |   |- Guid:16CE03C944356F4EE36360ADC4783ABD BaseClass: NativeClass:/Script/Engine.StaticMeshActor Name:StaticMeshActor_UAID_F4B52010A105CA4502_1284220916 Label:LabirintoModular_Piso_Almofadas__002 SpatiallyLoaded:1 Bounds:IsValid=true, Min=(X=-196.274 Y=2530.389 Z=-24.019), Max=(X=-36.010 Y=2689.661 Z=150.828) RuntimeGrid:None EditorOnly:0 RuntimeOnly:0 HLODRelevant:1 ListedInSceneOutliner:1 IsMainWorldOnly:0
 |   |   |- Guid:17A1B35941BFED612EF755AB530C98C1 BaseClass: NativeClass:/Script/Engine.StaticMeshActor Name:StaticMeshActor_UAID_F4B52010A105114602_1997479435 Label:LabirintoModular_Piso_Almofadas__26 SpatiallyLoaded:1 Bounds:IsValid=true, Min=(X=1762.509 Y=2550.253 Z=-7.884), Max=(X=1974.872 Y=2763.937 Z=225.244) RuntimeGrid:None EditorOnly:0 RuntimeOnly:0 HLODRelevant:1 ListedInSceneOutliner:1 IsMainWorldOnly:0
 |   |   |- Guid:1D8EA152482796D2B69C5F94181879B9 BaseClass: NativeClass:/Script/Engine.StaticMeshActor Name:StaticMeshActor_1 Label:SM_Cube SpatiallyLoaded:1 Bounds:IsValid=true, Min=(X=-577.081 Y=-1575.661 Z=-50.000), Max=(X=4747.919 Y=4249.339 Z=0.000) RuntimeGrid:None EditorOnly:0 RuntimeOnly:0 HLODRelevant:1 ListedInSceneOutliner:1 IsMainWorldOnly:0 FolderPath:Playground FolderGuid:C73F09FC4215536B1DCE2A9E0A830C70
 |   |   |- Guid:1DCD08B0479EB88CE63DBD8BC914DDAE BaseClass: NativeClass:/Script/Engine.StaticMeshActor Name:StaticMeshActor_UAID_F4B52010A105114602_1799348408 Label:LabirintoModular_Piso_Almofadas__2 SpatiallyLoaded:1 Bounds:IsValid=true, Min=(X=2782.509 Y=454.253 Z=-7.884), Max=(X=2994.872 Y=667.937 Z=225.244) RuntimeGrid:None EditorOnly:0 RuntimeOnly:0 HLODRelevant:1 ListedInSceneOutliner:1 IsMainWorldOnly:0
 |   |   |- Guid:281DD66A4CDFB16FCA38F1A992463C0A BaseClass: NativeClass:/Script/Engine.StaticMeshActor Name:StaticMeshActor_UAID_F4B52010A105114602_1958155419 Label:LabirintoModular_Piso_Almofadas__12 SpatiallyLoaded:1 Bounds:IsValid=true, Min=(X=2782.509 Y=1526.253 Z=-7.884), Max=(X=2994.872 Y=1739.937 Z=225.244) RuntimeGrid:None EditorOnly:0 RuntimeOnly:0 HLODRelevant:1 ListedInSceneOutliner:1 IsMainWorldOnly:0
 |   |   |- Guid:2EA6307048FC412A33B1F5A30A56129F BaseClass: NativeClass:/Script/Engine.StaticMeshActor Name:StaticMeshActor_UAID_F4B52010A105114602_2027229444 Label:LabirintoModular_Piso_Almofadas__34 SpatiallyLoaded:1 Bounds:IsValid=true, Min=(X=2985.848 Y=1702.914 Z=-7.884), Max=(X=3199.533 Y=1915.276 Z=225.244) RuntimeGrid:None EditorOnly:0 RuntimeOnly:0 HLODRelevant:1 ListedInSceneOutliner:1 IsMainWorldOnly:0
 |   |   |- Guid:2F4EAD644DAC0DF4120B518797775D7B BaseClass: NativeClass:/Script/Engine.StaticMeshActor Name:StaticMeshActor_UAID_F4B52010A105114602_2027233448 Label:LabirintoModular_Piso_Almofadas__38 SpatiallyLoaded:1 Bounds:IsValid=true, Min=(X=2985.848 Y=882.914 Z=-7.884), Max=(X=3199.533 Y=1095.276 Z=225.244) RuntimeGrid:None EditorOnly:0 RuntimeOnly:0 HLODRelevant:1 ListedInSceneOutliner:1 IsMainWorldOnly:0
 |   |   |- Guid:3577AA644269B959CFCBBBB1BB2CF69C BaseClass: NativeClass:/Script/Engine.StaticMeshActor Name:StaticMeshActor_UAID_F4B52010A105114602_1869293414 Label:LabirintoModular_Piso_Almofadas__8 SpatiallyLoaded:1 Bounds:IsValid=true, Min=(X=1762.509 Y=454.253 Z=-7.884), Max=(X=1974.872 Y=667.937 Z=225.244) RuntimeGrid:None EditorOnly:0 RuntimeOnly:0 HLODRelevant:1 ListedInSceneOutliner:1 IsMainWorldOnly:0
 |   |   |- Guid:3DFC27A346811F6020C415B2A3EEF06A BaseClass: NativeClass:/Script/Engine.StaticMeshActor Name:StaticMeshActor_UAID_F4B52010A105114602_1997480436 Label:LabirintoModular_Piso_Almofadas__27 SpatiallyLoaded:1 Bounds:IsValid=true, Min=(X=1562.509 Y=2550.253 Z=-7.884), Max=(X=1774.872 Y=2763.937 Z=225.244) RuntimeGrid:None EditorOnly:0 RuntimeOnly:0 HLODRelevant:1 ListedInSceneOutliner:1 IsMainWorldOnly:0
 |   |   |- Guid:4A6B9F4D4E4A5211B159B6ABF843BF3D BaseClass: NativeClass:/Script/Engine.VolumetricCloud Name:VolumetricCloud_0 Label:VolumetricCloud SpatiallyLoaded:0 Bounds:IsValid=true, Min=(X=0.000 Y=0.000 Z=820.000), Max=(X=0.000 Y=0.000 Z=820.000) RuntimeGrid:None EditorOnly:0 RuntimeOnly:0 HLODRelevant:0 ListedInSceneOutliner:1 IsMainWorldOnly:0 FolderPath:Lighting FolderGuid:963EC3EB4002CCE9759E2EBA541A873A
 |   |   |- Guid:4B4CD90E431DCEB030DF4393E41C3208 BaseClass: NativeClass:/Script/Engine.StaticMeshActor Name:StaticMeshActor_UAID_F4B52010A105114602_1997481438 Label:LabirintoModular_Piso_Almofadas__29 SpatiallyLoaded:1 Bounds:IsValid=true, Min=(X=1142.509 Y=2550.253 Z=-7.884), Max=(X=1354.872 Y=2763.937 Z=225.244) RuntimeGrid:None EditorOnly:0 RuntimeOnly:0 HLODRelevant:1 ListedInSceneOutliner:1 IsMainWorldOnly:0
 |   |   |- Guid:4EB2388D4C69929C6DF7179EFDDCD88B BaseClass: NativeClass:/Script/Engine.StaticMeshActor Name:StaticMeshActor_UAID_F4B52010A105114602_1958163426 Label:LabirintoModular_Piso_Almofadas__18 SpatiallyLoaded:1 Bounds:IsValid=true, Min=(X=1562.509 Y=1526.253 Z=-7.884), Max=(X=1774.872 Y=1739.937 Z=225.244) RuntimeGrid:None EditorOnly:0 RuntimeOnly:0 HLODRelevant:1 ListedInSceneOutliner:1 IsMainWorldOnly:0
 |   |   |- Guid:55508B064D967E5F6D165B8D8B38708D BaseClass: NativeClass:/Script/Engine.StaticMeshActor Name:StaticMeshActor_UAID_F4B52010A105114602_1865160413 Label:LabirintoModular_Piso_Almofadas__7 SpatiallyLoaded:1 Bounds:IsValid=true, Min=(X=1962.509 Y=454.253 Z=-7.884), Max=(X=2174.872 Y=667.937 Z=225.244) RuntimeGrid:None EditorOnly:0 RuntimeOnly:0 HLODRelevant:1 ListedInSceneOutliner:1 IsMainWorldOnly:0
 |   |   |- Guid:5E272C6148093E3CE0B9D7903FA8DF0F BaseClass: NativeClass:/Script/Engine.StaticMeshActor Name:StaticMeshActor_UAID_F4B52010A105114602_1958166428 Label:LabirintoModular_Piso_Almofadas__20 SpatiallyLoaded:1 Bounds:IsValid=true, Min=(X=1142.509 Y=1526.253 Z=-7.884), Max=(X=1354.872 Y=1739.937 Z=225.244) RuntimeGrid:None EditorOnly:0 RuntimeOnly:0 HLODRelevant:1 ListedInSceneOutliner:1 IsMainWorldOnly:0
 |   |   |- Guid:6191E32642200635E5AF589F621343B7 BaseClass: NativeClass:/Script/Engine.StaticMeshActor Name:StaticMeshActor_UAID_F4B52010A105114602_2027226441 Label:LabirintoModular_Piso_Almofadas__31 SpatiallyLoaded:1 Bounds:IsValid=true, Min=(X=2985.848 Y=2302.914 Z=-7.884), Max=(X=3199.533 Y=2515.276 Z=225.244) RuntimeGrid:None EditorOnly:0 RuntimeOnly:0 HLODRelevant:1 ListedInSceneOutliner:1 IsMainWorldOnly:0
 |   |   |- Guid:653965EC43E7705733AB14A2F2FCCFE8 BaseClass: NativeClass:/Script/Engine.StaticMeshActor Name:StaticMeshActor_UAID_F4B52010A105114602_1876542417 Label:LabirintoModular_Piso_Almofadas__11 SpatiallyLoaded:1 Bounds:IsValid=true, Min=(X=1142.509 Y=454.253 Z=-7.884), Max=(X=1354.872 Y=667.937 Z=225.244) RuntimeGrid:None EditorOnly:0 RuntimeOnly:0 HLODRelevant:1 ListedInSceneOutliner:1 IsMainWorldOnly:0
 |   |   |- Guid:6AE6FF084672B64C06AFAE95B7B3118F BaseClass: NativeClass:/Script/Engine.StaticMeshActor Name:StaticMeshActor_UAID_F4B52010A105114602_1853922410 Label:LabirintoModular_Piso_Almofadas__4 SpatiallyLoaded:1 Bounds:IsValid=true, Min=(X=2562.509 Y=454.253 Z=-7.884), Max=(X=2774.872 Y=667.937 Z=225.244) RuntimeGrid:None EditorOnly:0 RuntimeOnly:0 HLODRelevant:1 ListedInSceneOutliner:1 IsMainWorldOnly:0
 |   |   |- Guid:7637BBA24A918F88FC4D6D811239A330 BaseClass: NativeClass:/Script/Engine.StaticMeshActor Name:StaticMeshActor_UAID_F4B52010A105114602_1958160423 Label:LabirintoModular_Piso_Almofadas__15 SpatiallyLoaded:1 Bounds:IsValid=true, Min=(X=2162.509 Y=1526.253 Z=-7.884), Max=(X=2374.872 Y=1739.937 Z=225.244) RuntimeGrid:None EditorOnly:0 RuntimeOnly:0 HLODRelevant:1 ListedInSceneOutliner:1 IsMainWorldOnly:0
 |   |   |- Guid:7691958F4ACB6C44A6659DAB14E2C795 BaseClass: NativeClass:/Script/Engine.StaticMeshActor Name:StaticMeshActor_UAID_F4B52010A105114602_1871714415 Label:LabirintoModular_Piso_Almofadas__9 SpatiallyLoaded:1 Bounds:IsValid=true, Min=(X=1562.509 Y=454.253 Z=-7.884), Max=(X=1774.872 Y=667.937 Z=225.244) RuntimeGrid:None EditorOnly:0 RuntimeOnly:0 HLODRelevant:1 ListedInSceneOutliner:1 IsMainWorldOnly:0
 |   |   |- Guid:771BD0494BEE59A43DD7DCA33CAC2895 BaseClass: NativeClass:/Script/Engine.StaticMeshActor Name:StaticMeshActor_UAID_F4B52010A105114602_1799351409 Label:LabirintoModular_Piso_Almofadas__3 SpatiallyLoaded:1 Bounds:IsValid=true, Min=(X=2987.110 Y=708.740 Z=17.786), Max=(X=3200.795 Y=921.103 Z=250.915) RuntimeGrid:None EditorOnly:0 RuntimeOnly:0 HLODRelevant:1 ListedInSceneOutliner:1 IsMainWorldOnly:0
 |   |   |- Guid:77F8F930418B0C1C0E4AF0BC37F3F190 BaseClass: NativeClass:/Script/Engine.StaticMeshActor Name:StaticMeshActor_UAID_F4B52010A105114602_1958164427 Label:LabirintoModular_Piso_Almofadas__19 SpatiallyLoaded:1 Bounds:IsValid=true, Min=(X=1362.509 Y=1526.253 Z=-7.884), Max=(X=1574.872 Y=1739.937 Z=225.244) RuntimeGrid:None EditorOnly:0 RuntimeOnly:0 HLODRelevant:1 ListedInSceneOutliner:1 IsMainWorldOnly:0
 |   |   |- Guid:8D6C71314B65D3854004D0904F840F17 BaseClass: NativeClass:/Script/Engine.SkyAtmosphere Name:SkyAtmosphere_0 Label:SkyAtmosphere SpatiallyLoaded:0 Bounds:IsValid=true, Min=(X=0.000 Y=0.000 Z=1020.000), Max=(X=0.000 Y=0.000 Z=1020.000) RuntimeGrid:None EditorOnly:0 RuntimeOnly:0 HLODRelevant:0 ListedInSceneOutliner:1 IsMainWorldOnly:0 FolderPath:Lighting FolderGuid:963EC3EB4002CCE9759E2EBA541A873A
 |   |   |- Guid:8EDEC2C84075E533CF98278EFFABA081 BaseClass: NativeClass:/Script/Engine.ExponentialHeightFog Name:ExponentialHeightFog_0 Label:ExponentialHeightFog SpatiallyLoaded:0 Bounds:IsValid=true, Min=(X=1887.368 Y=45.662 Z=431.510), Max=(X=1887.368 Y=45.662 Z=431.510) RuntimeGrid:None EditorOnly:0 RuntimeOnly:0 HLODRelevant:0 ListedInSceneOutliner:1 IsMainWorldOnly:0 FolderPath:Lighting FolderGuid:963EC3EB4002CCE9759E2EBA541A873A
 |   |   |- Guid:9853D1384B16DA12DE6BA7AF87AC7D0D BaseClass: NativeClass:/Script/Engine.StaticMeshActor Name:StaticMeshActor_UAID_F4B52010A105114602_1958162425 Label:LabirintoModular_Piso_Almofadas__17 SpatiallyLoaded:1 Bounds:IsValid=true, Min=(X=1762.509 Y=1526.253 Z=-7.884), Max=(X=1974.872 Y=1739.937 Z=225.244) RuntimeGrid:None EditorOnly:0 RuntimeOnly:0 HLODRelevant:1 ListedInSceneOutliner:1 IsMainWorldOnly:0
 |   |   |- Guid:9B5C658649598B13FA6AC5991D7620B3 BaseClass: NativeClass:/Script/Engine.StaticMeshActor Name:StaticMeshActor_UAID_F4B52010A105114602_1997474432 Label:LabirintoModular_Piso_Almofadas__23 SpatiallyLoaded:1 Bounds:IsValid=true, Min=(X=2362.509 Y=2550.253 Z=-7.884), Max=(X=2574.872 Y=2763.937 Z=225.244) RuntimeGrid:None EditorOnly:0 RuntimeOnly:0 HLODRelevant:1 ListedInSceneOutliner:1 IsMainWorldOnly:0
 |   |   |- Guid:A219C42A4EC4A84C84B9E48A9942A187 BaseClass: NativeClass:/Script/Engine.StaticMeshActor Name:StaticMeshActor_UAID_F4B52010A105114602_2027230445 Label:LabirintoModular_Piso_Almofadas__35 SpatiallyLoaded:1 Bounds:IsValid=true, Min=(X=2985.848 Y=1502.914 Z=-7.884), Max=(X=3199.533 Y=1715.276 Z=225.244) RuntimeGrid:None EditorOnly:0 RuntimeOnly:0 HLODRelevant:1 ListedInSceneOutliner:1 IsMainWorldOnly:0
 |   |   |- Guid:AB4AB7714947D4762B6BDCBE9FF3A0EC BaseClass: NativeClass:/Script/Engine.StaticMeshActor Name:StaticMeshActor_UAID_F4B52010A105114602_1958159421 Label:LabirintoModular_Piso_Almofadas__13 SpatiallyLoaded:1 Bounds:IsValid=true, Min=(X=2562.509 Y=1526.253 Z=-7.884), Max=(X=2774.872 Y=1739.937 Z=225.244) RuntimeGrid:None EditorOnly:0 RuntimeOnly:0 HLODRelevant:1 ListedInSceneOutliner:1 IsMainWorldOnly:0
 |   |   |- Guid:AEE7DF2047D794BBD02C6298E0B2AB3E BaseClass: NativeClass:/Script/Engine.PostProcessVolume Name:PostProcessVolume_0 Label:PostProcessVolume SpatiallyLoaded:0 Bounds:IsValid=true, Min=(X=0.000 Y=0.000 Z=400.000), Max=(X=200.000 Y=200.000 Z=600.000) RuntimeGrid:None EditorOnly:0 RuntimeOnly:0 HLODRelevant:0 ListedInSceneOutliner:1 IsMainWorldOnly:0 FolderPath:Lighting FolderGuid:963EC3EB4002CCE9759E2EBA541A873A
 |   |   |- Guid:B35D133640F36CAFEB02C2AC408F2536 BaseClass: NativeClass:/Script/Engine.StaticMeshActor Name:StaticMeshActor_UAID_F4B52010A105114602_1794204407 Label:LabirintoModular_PISO_ALMOFADA_02_2 SpatiallyLoaded:1 Bounds:IsValid=true, Min=(X=2963.485 Y=457.184 Z=3.259), Max=(X=3204.224 Y=697.555 Z=265.529) RuntimeGrid:None EditorOnly:0 RuntimeOnly:0 HLODRelevant:1 ListedInSceneOutliner:1 IsMainWorldOnly:0
 |   |   |- Guid:B39F5359417FF7A56A144393B8717F0A BaseClass: NativeClass:/Script/Engine.StaticMeshActor Name:StaticMeshActor_UAID_F4B52010A105114602_1997476433 Label:LabirintoModular_Piso_Almofadas__24 SpatiallyLoaded:1 Bounds:IsValid=true, Min=(X=2162.509 Y=2550.253 Z=-7.884), Max=(X=2374.872 Y=2763.937 Z=225.244) RuntimeGrid:None EditorOnly:0 RuntimeOnly:0 HLODRelevant:1 ListedInSceneOutliner:1 IsMainWorldOnly:0
 |   |   |- Guid:B48BFFE44A90DC63E5B6E2AD1B21D950 BaseClass: NativeClass:/Script/Engine.StaticMeshActor Name:StaticMeshActor_UAID_F4B52010A105114602_2027221439 Label:LabirintoModular_Piso_Almofadas__30 SpatiallyLoaded:1 Bounds:IsValid=true, Min=(X=2985.848 Y=2522.914 Z=-7.884), Max=(X=3199.533 Y=2735.276 Z=225.244) RuntimeGrid:None EditorOnly:0 RuntimeOnly:0 HLODRelevant:1 ListedInSceneOutliner:1 IsMainWorldOnly:0
 |   |   |- Guid:C39F87D040ED92A0DB9018A5DE7EBCA2 BaseClass: NativeClass:/Script/Engine.StaticMeshActor Name:StaticMeshActor_UAID_F4B52010A105114602_1997471429 Label:LabirintoModular_Piso_Almofadas__21 SpatiallyLoaded:1 Bounds:IsValid=true, Min=(X=2782.509 Y=2550.253 Z=-7.884), Max=(X=2994.872 Y=2763.937 Z=225.244) RuntimeGrid:None EditorOnly:0 RuntimeOnly:0 HLODRelevant:1 ListedInSceneOutliner:1 IsMainWorldOnly:0
 |   |   |- Guid:C46769D44446E9D2C660A6B7EEDA0A42 BaseClass: NativeClass:/Script/Engine.DirectionalLight Name:DirectionalLight_0 Label:DirectionalLight SpatiallyLoaded:0 Bounds:Invalid RuntimeGrid:None EditorOnly:0 RuntimeOnly:0 HLODRelevant:0 ListedInSceneOutliner:1 IsMainWorldOnly:0 FolderPath:Lighting FolderGuid:963EC3EB4002CCE9759E2EBA541A873A
 |   |   |- Guid:D7CBD21A4EADF46BAE0755982B505D44 BaseClass: NativeClass:/Script/Engine.StaticMeshActor Name:StaticMeshActor_UAID_F4B52010A105114602_1958161424 Label:LabirintoModular_Piso_Almofadas__16 SpatiallyLoaded:1 Bounds:IsValid=true, Min=(X=1962.509 Y=1526.253 Z=-7.884), Max=(X=2174.872 Y=1739.937 Z=225.244) RuntimeGrid:None EditorOnly:0 RuntimeOnly:0 HLODRelevant:1 ListedInSceneOutliner:1 IsMainWorldOnly:0
 |   |   |- Guid:E75C03964BC1A4673F90B2A2961A7D3F BaseClass: NativeClass:/Script/Engine.StaticMeshActor Name:StaticMeshActor_UAID_F4B52010A105114602_2027228443 Label:LabirintoModular_Piso_Almofadas__33 SpatiallyLoaded:1 Bounds:IsValid=true, Min=(X=2985.848 Y=1902.914 Z=-7.884), Max=(X=3199.533 Y=2115.276 Z=225.244) RuntimeGrid:None EditorOnly:0 RuntimeOnly:0 HLODRelevant:1 ListedInSceneOutliner:1 IsMainWorldOnly:0
 |   |   |- Guid:E8EAEC3947617F0D2FD7BAB8223E15E4 BaseClass: NativeClass:/Script/Engine.StaticMeshActor Name:StaticMeshActor_UAID_F4B52010A105114602_1997480437 Label:LabirintoModular_Piso_Almofadas__28 SpatiallyLoaded:1 Bounds:IsValid=true, Min=(X=1362.509 Y=2550.253 Z=-7.884), Max=(X=1574.872 Y=2763.937 Z=225.244) RuntimeGrid:None EditorOnly:0 RuntimeOnly:0 HLODRelevant:1 ListedInSceneOutliner:1 IsMainWorldOnly:0
 |   |   |- Guid:ECD90F004EE1F2A5674F3F891C6631F9 BaseClass: NativeClass:/Script/Engine.StaticMeshActor Name:StaticMeshActor_UAID_F4B52010A105114602_1855406411 Label:LabirintoModular_Piso_Almofadas__5 SpatiallyLoaded:1 Bounds:IsValid=true, Min=(X=2362.509 Y=454.253 Z=-7.884), Max=(X=2574.872 Y=667.937 Z=225.244) RuntimeGrid:None EditorOnly:0 RuntimeOnly:0 HLODRelevant:1 ListedInSceneOutliner:1 IsMainWorldOnly:0
 |   |   |- Guid:EE99363E431FB65D0643F5970657817C BaseClass: NativeClass:/Script/Engine.StaticMeshActor Name:StaticMeshActor_UAID_F4B52010A105114602_2027232447 Label:LabirintoModular_Piso_Almofadas__37 SpatiallyLoaded:1 Bounds:IsValid=true, Min=(X=2985.848 Y=1102.914 Z=-7.884), Max=(X=3199.533 Y=1315.276 Z=225.244) RuntimeGrid:None EditorOnly:0 RuntimeOnly:0 HLODRelevant:1 ListedInSceneOutliner:1 IsMainWorldOnly:0
 |   |   |- Guid:EF8ACA514376489C2C2C4E899035051B BaseClass: NativeClass:/Script/Engine.StaticMeshActor Name:StaticMeshActor_UAID_F4B52010A105CA4502_1284217915 Label:LabirintoModular_PISO_ALMOFADA_02_001 SpatiallyLoaded:1 Bounds:IsValid=true, Min=(X=-196.676 Y=2684.124 Z=12.477), Max=(X=-36.183 Y=2844.371 Z=187.324) RuntimeGrid:None EditorOnly:0 RuntimeOnly:0 HLODRelevant:1 ListedInSceneOutliner:1 IsMainWorldOnly:0
 |   |   |- Guid:F9A6CA94454AB80882A90093AFE195A5 BaseClass: NativeClass:/Script/Engine.StaticMeshActor Name:StaticMeshActor_UAID_F4B52010A105114602_1861620412 Label:LabirintoModular_Piso_Almofadas__6 SpatiallyLoaded:1 Bounds:IsValid=true, Min=(X=2162.509 Y=454.253 Z=-7.884), Max=(X=2374.872 Y=667.937 Z=225.244) RuntimeGrid:None EditorOnly:0 RuntimeOnly:0 HLODRelevant:1 ListedInSceneOutliner:1 IsMainWorldOnly:0
 |   |   |- Guid:FCDC87824DE10120C20B6C967211888A BaseClass: NativeClass:/Script/Engine.StaticMeshActor Name:StaticMeshActor_UAID_F4B52010A105114602_2027231446 Label:LabirintoModular_Piso_Almofadas__36 SpatiallyLoaded:1 Bounds:IsValid=true, Min=(X=2985.848 Y=1302.914 Z=-7.884), Max=(X=3199.533 Y=1515.276 Z=225.244) RuntimeGrid:None EditorOnly:0 RuntimeOnly:0 HLODRelevant:1 ListedInSceneOutliner:1 IsMainWorldOnly:0
 |   |   |- Guid:FD3967C94EE9133B095AFFAD2D682EAF BaseClass: NativeClass:/Script/Engine.SkyLight Name:SkyLight_1 Label:SkyLight SpatiallyLoaded:0 Bounds:IsValid=true, Min=(X=0.000 Y=0.000 Z=690.000), Max=(X=0.000 Y=0.000 Z=690.000) RuntimeGrid:None EditorOnly:0 RuntimeOnly:0 HLODRelevant:0 ListedInSceneOutliner:1 IsMainWorldOnly:0 FolderPath:Lighting FolderGuid:963EC3EB4002CCE9759E2EBA541A873A
 |   |- [+] Clusters:
 |   |   |- [+] [  0]
 |   |   |   |- Guid:02698FAF452130AD86EAA7A7B5C883EA BaseClass: NativeClass:/Script/Engine.PlayerStart Name:PlayerStart_0 Label:PlayerStart SpatiallyLoaded:0 Bounds:IsValid=true, Min=(X=1680.000 Y=-180.000 Z=0.013), Max=(X=1760.000 Y=-100.000 Z=184.013) RuntimeGrid:None EditorOnly:0 RuntimeOnly:0 HLODRelevant:0 ListedInSceneOutliner:1 IsMainWorldOnly:0
 |   |   |- [+] [  1]
 |   |   |   |- Guid:0539F7E74009538BFEF5B3A0DAED0ED6 BaseClass: NativeClass:/Script/Engine.StaticMeshActor Name:StaticMeshActor_UAID_F4B52010A105CA4502_1284222917 Label:LabirintoModular_Piso_Almofadas__001 SpatiallyLoaded:1 Bounds:IsValid=true, Min=(X=-37.454 Y=2683.574 Z=67.094), Max=(X=121.818 Y=2843.838 Z=241.940) RuntimeGrid:None EditorOnly:0 RuntimeOnly:0 HLODRelevant:1 ListedInSceneOutliner:1 IsMainWorldOnly:0
 |   |   |- [+] [  2]
 |   |   |   |- Guid:05F25EFC4F570584FFEA4A80B34B503E BaseClass: NativeClass:/Script/Engine.StaticMeshActor Name:StaticMeshActor_UAID_F4B52010A105114602_1958159422 Label:LabirintoModular_Piso_Almofadas__14 SpatiallyLoaded:1 Bounds:IsValid=true, Min=(X=2362.509 Y=1526.253 Z=-7.884), Max=(X=2574.872 Y=1739.937 Z=225.244) RuntimeGrid:None EditorOnly:0 RuntimeOnly:0 HLODRelevant:1 ListedInSceneOutliner:1 IsMainWorldOnly:0
 |   |   |- [+] [  3]
 |   |   |   |- Guid:0600CD0E47F53FA78297F394EA485944 BaseClass: NativeClass:/Script/Engine.StaticMeshActor Name:StaticMeshActor_UAID_F4B52010A105114602_1997478434 Label:LabirintoModular_Piso_Almofadas__25 SpatiallyLoaded:1 Bounds:IsValid=true, Min=(X=1962.509 Y=2550.253 Z=-7.884), Max=(X=2174.872 Y=2763.937 Z=225.244) RuntimeGrid:None EditorOnly:0 RuntimeOnly:0 HLODRelevant:1 ListedInSceneOutliner:1 IsMainWorldOnly:0
 |   |   |- [+] [  4]
 |   |   |   |- Guid:0A5136D34783BF296E48CFAFD771CD15 BaseClass: NativeClass:/Script/Engine.StaticMeshActor Name:StaticMeshActor_UAID_F4B52010A105114602_2027228442 Label:LabirintoModular_Piso_Almofadas__32 SpatiallyLoaded:1 Bounds:IsValid=true, Min=(X=2985.848 Y=2102.914 Z=-7.884), Max=(X=3199.533 Y=2315.276 Z=225.244) RuntimeGrid:None EditorOnly:0 RuntimeOnly:0 HLODRelevant:1 ListedInSceneOutliner:1 IsMainWorldOnly:0
 |   |   |- [+] [  5]
 |   |   |   |- Guid:0DB23EFE44EF993FDAA8B38CE54F67E0 BaseClass: NativeClass:/Script/Engine.WorldDataLayers Name:WorldDataLayers Label:WorldDataLayers SpatiallyLoaded:0 Bounds:Invalid RuntimeGrid:None EditorOnly:0 RuntimeOnly:0 HLODRelevant:0 ListedInSceneOutliner:1 IsMainWorldOnly:1
 |   |   |- [+] [  6]
 |   |   |   |- Guid:1155C9CC49B4363E42B59D9FA9F840C5 BaseClass: NativeClass:/Script/Engine.StaticMeshActor Name:StaticMeshActor_UAID_F4B52010A105114602_1997474431 Label:LabirintoModular_Piso_Almofadas__22 SpatiallyLoaded:1 Bounds:IsValid=true, Min=(X=2562.509 Y=2550.253 Z=-7.884), Max=(X=2774.872 Y=2763.937 Z=225.244) RuntimeGrid:None EditorOnly:0 RuntimeOnly:0 HLODRelevant:1 ListedInSceneOutliner:1 IsMainWorldOnly:0
 |   |   |- [+] [  7]
 |   |   |   |- Guid:12B4DB2B45EDDA7CA419F08D82D8E799 BaseClass: NativeClass:/Script/Engine.StaticMeshActor Name:StaticMeshActor_UAID_F4B52010A105114602_1874701416 Label:LabirintoModular_Piso_Almofadas__10 SpatiallyLoaded:1 Bounds:IsValid=true, Min=(X=1362.509 Y=454.253 Z=-7.884), Max=(X=1574.872 Y=667.937 Z=225.244) RuntimeGrid:None EditorOnly:0 RuntimeOnly:0 HLODRelevant:1 ListedInSceneOutliner:1 IsMainWorldOnly:0
 |   |   |- [+] [  8]
 |   |   |   |- Guid:16CE03C944356F4EE36360ADC4783ABD BaseClass: NativeClass:/Script/Engine.StaticMeshActor Name:StaticMeshActor_UAID_F4B52010A105CA4502_1284220916 Label:LabirintoModular_Piso_Almofadas__002 SpatiallyLoaded:1 Bounds:IsValid=true, Min=(X=-196.274 Y=2530.389 Z=-24.019), Max=(X=-36.010 Y=2689.661 Z=150.828) RuntimeGrid:None EditorOnly:0 RuntimeOnly:0 HLODRelevant:1 ListedInSceneOutliner:1 IsMainWorldOnly:0
 |   |   |- [+] [  9]
 |   |   |   |- Guid:17A1B35941BFED612EF755AB530C98C1 BaseClass: NativeClass:/Script/Engine.StaticMeshActor Name:StaticMeshActor_UAID_F4B52010A105114602_1997479435 Label:LabirintoModular_Piso_Almofadas__26 SpatiallyLoaded:1 Bounds:IsValid=true, Min=(X=1762.509 Y=2550.253 Z=-7.884), Max=(X=1974.872 Y=2763.937 Z=225.244) RuntimeGrid:None EditorOnly:0 RuntimeOnly:0 HLODRelevant:1 ListedInSceneOutliner:1 IsMainWorldOnly:0
 |   |   |- [+] [ 10]
 |   |   |   |- Guid:1D8EA152482796D2B69C5F94181879B9 BaseClass: NativeClass:/Script/Engine.StaticMeshActor Name:StaticMeshActor_1 Label:SM_Cube SpatiallyLoaded:1 Bounds:IsValid=true, Min=(X=-577.081 Y=-1575.661 Z=-50.000), Max=(X=4747.919 Y=4249.339 Z=0.000) RuntimeGrid:None EditorOnly:0 RuntimeOnly:0 HLODRelevant:1 ListedInSceneOutliner:1 IsMainWorldOnly:0 FolderPath:Playground FolderGuid:C73F09FC4215536B1DCE2A9E0A830C70
 |   |   |- [+] [ 11]
 |   |   |   |- Guid:1DCD08B0479EB88CE63DBD8BC914DDAE BaseClass: NativeClass:/Script/Engine.StaticMeshActor Name:StaticMeshActor_UAID_F4B52010A105114602_1799348408 Label:LabirintoModular_Piso_Almofadas__2 SpatiallyLoaded:1 Bounds:IsValid=true, Min=(X=2782.509 Y=454.253 Z=-7.884), Max=(X=2994.872 Y=667.937 Z=225.244) RuntimeGrid:None EditorOnly:0 RuntimeOnly:0 HLODRelevant:1 ListedInSceneOutliner:1 IsMainWorldOnly:0
 |   |   |- [+] [ 12]
 |   |   |   |- Guid:281DD66A4CDFB16FCA38F1A992463C0A BaseClass: NativeClass:/Script/Engine.StaticMeshActor Name:StaticMeshActor_UAID_F4B52010A105114602_1958155419 Label:LabirintoModular_Piso_Almofadas__12 SpatiallyLoaded:1 Bounds:IsValid=true, Min=(X=2782.509 Y=1526.253 Z=-7.884), Max=(X=2994.872 Y=1739.937 Z=225.244) RuntimeGrid:None EditorOnly:0 RuntimeOnly:0 HLODRelevant:1 ListedInSceneOutliner:1 IsMainWorldOnly:0
 |   |   |- [+] [ 13]
 |   |   |   |- Guid:2EA6307048FC412A33B1F5A30A56129F BaseClass: NativeClass:/Script/Engine.StaticMeshActor Name:StaticMeshActor_UAID_F4B52010A105114602_2027229444 Label:LabirintoModular_Piso_Almofadas__34 SpatiallyLoaded:1 Bounds:IsValid=true, Min=(X=2985.848 Y=1702.914 Z=-7.884), Max=(X=3199.533 Y=1915.276 Z=225.244) RuntimeGrid:None EditorOnly:0 RuntimeOnly:0 HLODRelevant:1 ListedInSceneOutliner:1 IsMainWorldOnly:0
 |   |   |- [+] [ 14]
 |   |   |   |- Guid:2F4EAD644DAC0DF4120B518797775D7B BaseClass: NativeClass:/Script/Engine.StaticMeshActor Name:StaticMeshActor_UAID_F4B52010A105114602_2027233448 Label:LabirintoModular_Piso_Almofadas__38 SpatiallyLoaded:1 Bounds:IsValid=true, Min=(X=2985.848 Y=882.914 Z=-7.884), Max=(X=3199.533 Y=1095.276 Z=225.244) RuntimeGrid:None EditorOnly:0 RuntimeOnly:0 HLODRelevant:1 ListedInSceneOutliner:1 IsMainWorldOnly:0
 |   |   |- [+] [ 15]
 |   |   |   |- Guid:3577AA644269B959CFCBBBB1BB2CF69C BaseClass: NativeClass:/Script/Engine.StaticMeshActor Name:StaticMeshActor_UAID_F4B52010A105114602_1869293414 Label:LabirintoModular_Piso_Almofadas__8 SpatiallyLoaded:1 Bounds:IsValid=true, Min=(X=1762.509 Y=454.253 Z=-7.884), Max=(X=1974.872 Y=667.937 Z=225.244) RuntimeGrid:None EditorOnly:0 RuntimeOnly:0 HLODRelevant:1 ListedInSceneOutliner:1 IsMainWorldOnly:0
 |   |   |- [+] [ 16]
 |   |   |   |- Guid:3DFC27A346811F6020C415B2A3EEF06A BaseClass: NativeClass:/Script/Engine.StaticMeshActor Name:StaticMeshActor_UAID_F4B52010A105114602_1997480436 Label:LabirintoModular_Piso_Almofadas__27 SpatiallyLoaded:1 Bounds:IsValid=true, Min=(X=1562.509 Y=2550.253 Z=-7.884), Max=(X=1774.872 Y=2763.937 Z=225.244) RuntimeGrid:None EditorOnly:0 RuntimeOnly:0 HLODRelevant:1 ListedInSceneOutliner:1 IsMainWorldOnly:0
 |   |   |- [+] [ 17]
 |   |   |   |- Guid:4A6B9F4D4E4A5211B159B6ABF843BF3D BaseClass: NativeClass:/Script/Engine.VolumetricCloud Name:VolumetricCloud_0 Label:VolumetricCloud SpatiallyLoaded:0 Bounds:IsValid=true, Min=(X=0.000 Y=0.000 Z=820.000), Max=(X=0.000 Y=0.000 Z=820.000) RuntimeGrid:None EditorOnly:0 RuntimeOnly:0 HLODRelevant:0 ListedInSceneOutliner:1 IsMainWorldOnly:0 FolderPath:Lighting FolderGuid:963EC3EB4002CCE9759E2EBA541A873A
 |   |   |- [+] [ 18]
 |   |   |   |- Guid:4B4CD90E431DCEB030DF4393E41C3208 BaseClass: NativeClass:/Script/Engine.StaticMeshActor Name:StaticMeshActor_UAID_F4B52010A105114602_1997481438 Label:LabirintoModular_Piso_Almofadas__29 SpatiallyLoaded:1 Bounds:IsValid=true, Min=(X=1142.509 Y=2550.253 Z=-7.884), Max=(X=1354.872 Y=2763.937 Z=225.244) RuntimeGrid:None EditorOnly:0 RuntimeOnly:0 HLODRelevant:1 ListedInSceneOutliner:1 IsMainWorldOnly:0
 |   |   |- [+] [ 19]
 |   |   |   |- Guid:4EB2388D4C69929C6DF7179EFDDCD88B BaseClass: NativeClass:/Script/Engine.StaticMeshActor Name:StaticMeshActor_UAID_F4B52010A105114602_1958163426 Label:LabirintoModular_Piso_Almofadas__18 SpatiallyLoaded:1 Bounds:IsValid=true, Min=(X=1562.509 Y=1526.253 Z=-7.884), Max=(X=1774.872 Y=1739.937 Z=225.244) RuntimeGrid:None EditorOnly:0 RuntimeOnly:0 HLODRelevant:1 ListedInSceneOutliner:1 IsMainWorldOnly:0
 |   |   |- [+] [ 20]
 |   |   |   |- Guid:55508B064D967E5F6D165B8D8B38708D BaseClass: NativeClass:/Script/Engine.StaticMeshActor Name:StaticMeshActor_UAID_F4B52010A105114602_1865160413 Label:LabirintoModular_Piso_Almofadas__7 SpatiallyLoaded:1 Bounds:IsValid=true, Min=(X=1962.509 Y=454.253 Z=-7.884), Max=(X=2174.872 Y=667.937 Z=225.244) RuntimeGrid:None EditorOnly:0 RuntimeOnly:0 HLODRelevant:1 ListedInSceneOutliner:1 IsMainWorldOnly:0
 |   |   |- [+] [ 21]
 |   |   |   |- Guid:5E272C6148093E3CE0B9D7903FA8DF0F BaseClass: NativeClass:/Script/Engine.StaticMeshActor Name:StaticMeshActor_UAID_F4B52010A105114602_1958166428 Label:LabirintoModular_Piso_Almofadas__20 SpatiallyLoaded:1 Bounds:IsValid=true, Min=(X=1142.509 Y=1526.253 Z=-7.884), Max=(X=1354.872 Y=1739.937 Z=225.244) RuntimeGrid:None EditorOnly:0 RuntimeOnly:0 HLODRelevant:1 ListedInSceneOutliner:1 IsMainWorldOnly:0
 |   |   |- [+] [ 22]
 |   |   |   |- Guid:6191E32642200635E5AF589F621343B7 BaseClass: NativeClass:/Script/Engine.StaticMeshActor Name:StaticMeshActor_UAID_F4B52010A105114602_2027226441 Label:LabirintoModular_Piso_Almofadas__31 SpatiallyLoaded:1 Bounds:IsValid=true, Min=(X=2985.848 Y=2302.914 Z=-7.884), Max=(X=3199.533 Y=2515.276 Z=225.244) RuntimeGrid:None EditorOnly:0 RuntimeOnly:0 HLODRelevant:1 ListedInSceneOutliner:1 IsMainWorldOnly:0
 |   |   |- [+] [ 23]
 |   |   |   |- Guid:653965EC43E7705733AB14A2F2FCCFE8 BaseClass: NativeClass:/Script/Engine.StaticMeshActor Name:StaticMeshActor_UAID_F4B52010A105114602_1876542417 Label:LabirintoModular_Piso_Almofadas__11 SpatiallyLoaded:1 Bounds:IsValid=true, Min=(X=1142.509 Y=454.253 Z=-7.884), Max=(X=1354.872 Y=667.937 Z=225.244) RuntimeGrid:None EditorOnly:0 RuntimeOnly:0 HLODRelevant:1 ListedInSceneOutliner:1 IsMainWorldOnly:0
 |   |   |- [+] [ 24]
 |   |   |   |- Guid:6AE6FF084672B64C06AFAE95B7B3118F BaseClass: NativeClass:/Script/Engine.StaticMeshActor Name:StaticMeshActor_UAID_F4B52010A105114602_1853922410 Label:LabirintoModular_Piso_Almofadas__4 SpatiallyLoaded:1 Bounds:IsValid=true, Min=(X=2562.509 Y=454.253 Z=-7.884), Max=(X=2774.872 Y=667.937 Z=225.244) RuntimeGrid:None EditorOnly:0 RuntimeOnly:0 HLODRelevant:1 ListedInSceneOutliner:1 IsMainWorldOnly:0
 |   |   |- [+] [ 25]
 |   |   |   |- Guid:7637BBA24A918F88FC4D6D811239A330 BaseClass: NativeClass:/Script/Engine.StaticMeshActor Name:StaticMeshActor_UAID_F4B52010A105114602_1958160423 Label:LabirintoModular_Piso_Almofadas__15 SpatiallyLoaded:1 Bounds:IsValid=true, Min=(X=2162.509 Y=1526.253 Z=-7.884), Max=(X=2374.872 Y=1739.937 Z=225.244) RuntimeGrid:None EditorOnly:0 RuntimeOnly:0 HLODRelevant:1 ListedInSceneOutliner:1 IsMainWorldOnly:0
 |   |   |- [+] [ 26]
 |   |   |   |- Guid:7691958F4ACB6C44A6659DAB14E2C795 BaseClass: NativeClass:/Script/Engine.StaticMeshActor Name:StaticMeshActor_UAID_F4B52010A105114602_1871714415 Label:LabirintoModular_Piso_Almofadas__9 SpatiallyLoaded:1 Bounds:IsValid=true, Min=(X=1562.509 Y=454.253 Z=-7.884), Max=(X=1774.872 Y=667.937 Z=225.244) RuntimeGrid:None EditorOnly:0 RuntimeOnly:0 HLODRelevant:1 ListedInSceneOutliner:1 IsMainWorldOnly:0
 |   |   |- [+] [ 27]
 |   |   |   |- Guid:771BD0494BEE59A43DD7DCA33CAC2895 BaseClass: NativeClass:/Script/Engine.StaticMeshActor Name:StaticMeshActor_UAID_F4B52010A105114602_1799351409 Label:LabirintoModular_Piso_Almofadas__3 SpatiallyLoaded:1 Bounds:IsValid=true, Min=(X=2987.110 Y=708.740 Z=17.786), Max=(X=3200.795 Y=921.103 Z=250.915) RuntimeGrid:None EditorOnly:0 RuntimeOnly:0 HLODRelevant:1 ListedInSceneOutliner:1 IsMainWorldOnly:0
 |   |   |- [+] [ 28]
 |   |   |   |- Guid:77F8F930418B0C1C0E4AF0BC37F3F190 BaseClass: NativeClass:/Script/Engine.StaticMeshActor Name:StaticMeshActor_UAID_F4B52010A105114602_1958164427 Label:LabirintoModular_Piso_Almofadas__19 SpatiallyLoaded:1 Bounds:IsValid=true, Min=(X=1362.509 Y=1526.253 Z=-7.884), Max=(X=1574.872 Y=1739.937 Z=225.244) RuntimeGrid:None EditorOnly:0 RuntimeOnly:0 HLODRelevant:1 ListedInSceneOutliner:1 IsMainWorldOnly:0
 |   |   |- [+] [ 29]
 |   |   |   |- Guid:8D6C71314B65D3854004D0904F840F17 BaseClass: NativeClass:/Script/Engine.SkyAtmosphere Name:SkyAtmosphere_0 Label:SkyAtmosphere SpatiallyLoaded:0 Bounds:IsValid=true, Min=(X=0.000 Y=0.000 Z=1020.000), Max=(X=0.000 Y=0.000 Z=1020.000) RuntimeGrid:None EditorOnly:0 RuntimeOnly:0 HLODRelevant:0 ListedInSceneOutliner:1 IsMainWorldOnly:0 FolderPath:Lighting FolderGuid:963EC3EB4002CCE9759E2EBA541A873A
 |   |   |- [+] [ 30]
 |   |   |   |- Guid:8EDEC2C84075E533CF98278EFFABA081 BaseClass: NativeClass:/Script/Engine.ExponentialHeightFog Name:ExponentialHeightFog_0 Label:ExponentialHeightFog SpatiallyLoaded:0 Bounds:IsValid=true, Min=(X=1887.368 Y=45.662 Z=431.510), Max=(X=1887.368 Y=45.662 Z=431.510) RuntimeGrid:None EditorOnly:0 RuntimeOnly:0 HLODRelevant:0 ListedInSceneOutliner:1 IsMainWorldOnly:0 FolderPath:Lighting FolderGuid:963EC3EB4002CCE9759E2EBA541A873A
 |   |   |- [+] [ 31]
 |   |   |   |- Guid:9853D1384B16DA12DE6BA7AF87AC7D0D BaseClass: NativeClass:/Script/Engine.StaticMeshActor Name:StaticMeshActor_UAID_F4B52010A105114602_1958162425 Label:LabirintoModular_Piso_Almofadas__17 SpatiallyLoaded:1 Bounds:IsValid=true, Min=(X=1762.509 Y=1526.253 Z=-7.884), Max=(X=1974.872 Y=1739.937 Z=225.244) RuntimeGrid:None EditorOnly:0 RuntimeOnly:0 HLODRelevant:1 ListedInSceneOutliner:1 IsMainWorldOnly:0
 |   |   |- [+] [ 32]
 |   |   |   |- Guid:9B5C658649598B13FA6AC5991D7620B3 BaseClass: NativeClass:/Script/Engine.StaticMeshActor Name:StaticMeshActor_UAID_F4B52010A105114602_1997474432 Label:LabirintoModular_Piso_Almofadas__23 SpatiallyLoaded:1 Bounds:IsValid=true, Min=(X=2362.509 Y=2550.253 Z=-7.884), Max=(X=2574.872 Y=2763.937 Z=225.244) RuntimeGrid:None EditorOnly:0 RuntimeOnly:0 HLODRelevant:1 ListedInSceneOutliner:1 IsMainWorldOnly:0
 |   |   |- [+] [ 33]
 |   |   |   |- Guid:A219C42A4EC4A84C84B9E48A9942A187 BaseClass: NativeClass:/Script/Engine.StaticMeshActor Name:StaticMeshActor_UAID_F4B52010A105114602_2027230445 Label:LabirintoModular_Piso_Almofadas__35 SpatiallyLoaded:1 Bounds:IsValid=true, Min=(X=2985.848 Y=1502.914 Z=-7.884), Max=(X=3199.533 Y=1715.276 Z=225.244) RuntimeGrid:None EditorOnly:0 RuntimeOnly:0 HLODRelevant:1 ListedInSceneOutliner:1 IsMainWorldOnly:0
 |   |   |- [+] [ 34]
 |   |   |   |- Guid:AB4AB7714947D4762B6BDCBE9FF3A0EC BaseClass: NativeClass:/Script/Engine.StaticMeshActor Name:StaticMeshActor_UAID_F4B52010A105114602_1958159421 Label:LabirintoModular_Piso_Almofadas__13 SpatiallyLoaded:1 Bounds:IsValid=true, Min=(X=2562.509 Y=1526.253 Z=-7.884), Max=(X=2774.872 Y=1739.937 Z=225.244) RuntimeGrid:None EditorOnly:0 RuntimeOnly:0 HLODRelevant:1 ListedInSceneOutliner:1 IsMainWorldOnly:0
 |   |   |- [+] [ 35]
 |   |   |   |- Guid:AEE7DF2047D794BBD02C6298E0B2AB3E BaseClass: NativeClass:/Script/Engine.PostProcessVolume Name:PostProcessVolume_0 Label:PostProcessVolume SpatiallyLoaded:0 Bounds:IsValid=true, Min=(X=0.000 Y=0.000 Z=400.000), Max=(X=200.000 Y=200.000 Z=600.000) RuntimeGrid:None EditorOnly:0 RuntimeOnly:0 HLODRelevant:0 ListedInSceneOutliner:1 IsMainWorldOnly:0 FolderPath:Lighting FolderGuid:963EC3EB4002CCE9759E2EBA541A873A
 |   |   |- [+] [ 36]
 |   |   |   |- Guid:B35D133640F36CAFEB02C2AC408F2536 BaseClass: NativeClass:/Script/Engine.StaticMeshActor Name:StaticMeshActor_UAID_F4B52010A105114602_1794204407 Label:LabirintoModular_PISO_ALMOFADA_02_2 SpatiallyLoaded:1 Bounds:IsValid=true, Min=(X=2963.485 Y=457.184 Z=3.259), Max=(X=3204.224 Y=697.555 Z=265.529) RuntimeGrid:None EditorOnly:0 RuntimeOnly:0 HLODRelevant:1 ListedInSceneOutliner:1 IsMainWorldOnly:0
 |   |   |- [+] [ 37]
 |   |   |   |- Guid:B39F5359417FF7A56A144393B8717F0A BaseClass: NativeClass:/Script/Engine.StaticMeshActor Name:StaticMeshActor_UAID_F4B52010A105114602_1997476433 Label:LabirintoModular_Piso_Almofadas__24 SpatiallyLoaded:1 Bounds:IsValid=true, Min=(X=2162.509 Y=2550.253 Z=-7.884), Max=(X=2374.872 Y=2763.937 Z=225.244) RuntimeGrid:None EditorOnly:0 RuntimeOnly:0 HLODRelevant:1 ListedInSceneOutliner:1 IsMainWorldOnly:0
 |   |   |- [+] [ 38]
 |   |   |   |- Guid:B48BFFE44A90DC63E5B6E2AD1B21D950 BaseClass: NativeClass:/Script/Engine.StaticMeshActor Name:StaticMeshActor_UAID_F4B52010A105114602_2027221439 Label:LabirintoModular_Piso_Almofadas__30 SpatiallyLoaded:1 Bounds:IsValid=true, Min=(X=2985.848 Y=2522.914 Z=-7.884), Max=(X=3199.533 Y=2735.276 Z=225.244) RuntimeGrid:None EditorOnly:0 RuntimeOnly:0 HLODRelevant:1 ListedInSceneOutliner:1 IsMainWorldOnly:0
 |   |   |- [+] [ 39]
 |   |   |   |- Guid:C39F87D040ED92A0DB9018A5DE7EBCA2 BaseClass: NativeClass:/Script/Engine.StaticMeshActor Name:StaticMeshActor_UAID_F4B52010A105114602_1997471429 Label:LabirintoModular_Piso_Almofadas__21 SpatiallyLoaded:1 Bounds:IsValid=true, Min=(X=2782.509 Y=2550.253 Z=-7.884), Max=(X=2994.872 Y=2763.937 Z=225.244) RuntimeGrid:None EditorOnly:0 RuntimeOnly:0 HLODRelevant:1 ListedInSceneOutliner:1 IsMainWorldOnly:0
 |   |   |- [+] [ 40]
 |   |   |   |- Guid:C46769D44446E9D2C660A6B7EEDA0A42 BaseClass: NativeClass:/Script/Engine.DirectionalLight Name:DirectionalLight_0 Label:DirectionalLight SpatiallyLoaded:0 Bounds:Invalid RuntimeGrid:None EditorOnly:0 RuntimeOnly:0 HLODRelevant:0 ListedInSceneOutliner:1 IsMainWorldOnly:0 FolderPath:Lighting FolderGuid:963EC3EB4002CCE9759E2EBA541A873A
 |   |   |- [+] [ 41]
 |   |   |   |- Guid:D7CBD21A4EADF46BAE0755982B505D44 BaseClass: NativeClass:/Script/Engine.StaticMeshActor Name:StaticMeshActor_UAID_F4B52010A105114602_1958161424 Label:LabirintoModular_Piso_Almofadas__16 SpatiallyLoaded:1 Bounds:IsValid=true, Min=(X=1962.509 Y=1526.253 Z=-7.884), Max=(X=2174.872 Y=1739.937 Z=225.244) RuntimeGrid:None EditorOnly:0 RuntimeOnly:0 HLODRelevant:1 ListedInSceneOutliner:1 IsMainWorldOnly:0
 |   |   |- [+] [ 42]
 |   |   |   |- Guid:E75C03964BC1A4673F90B2A2961A7D3F BaseClass: NativeClass:/Script/Engine.StaticMeshActor Name:StaticMeshActor_UAID_F4B52010A105114602_2027228443 Label:LabirintoModular_Piso_Almofadas__33 SpatiallyLoaded:1 Bounds:IsValid=true, Min=(X=2985.848 Y=1902.914 Z=-7.884), Max=(X=3199.533 Y=2115.276 Z=225.244) RuntimeGrid:None EditorOnly:0 RuntimeOnly:0 HLODRelevant:1 ListedInSceneOutliner:1 IsMainWorldOnly:0
 |   |   |- [+] [ 43]
 |   |   |   |- Guid:E8EAEC3947617F0D2FD7BAB8223E15E4 BaseClass: NativeClass:/Script/Engine.StaticMeshActor Name:StaticMeshActor_UAID_F4B52010A105114602_1997480437 Label:LabirintoModular_Piso_Almofadas__28 SpatiallyLoaded:1 Bounds:IsValid=true, Min=(X=1362.509 Y=2550.253 Z=-7.884), Max=(X=1574.872 Y=2763.937 Z=225.244) RuntimeGrid:None EditorOnly:0 RuntimeOnly:0 HLODRelevant:1 ListedInSceneOutliner:1 IsMainWorldOnly:0
 |   |   |- [+] [ 44]
 |   |   |   |- Guid:ECD90F004EE1F2A5674F3F891C6631F9 BaseClass: NativeClass:/Script/Engine.StaticMeshActor Name:StaticMeshActor_UAID_F4B52010A105114602_1855406411 Label:LabirintoModular_Piso_Almofadas__5 SpatiallyLoaded:1 Bounds:IsValid=true, Min=(X=2362.509 Y=454.253 Z=-7.884), Max=(X=2574.872 Y=667.937 Z=225.244) RuntimeGrid:None EditorOnly:0 RuntimeOnly:0 HLODRelevant:1 ListedInSceneOutliner:1 IsMainWorldOnly:0
 |   |   |- [+] [ 45]
 |   |   |   |- Guid:EE99363E431FB65D0643F5970657817C BaseClass: NativeClass:/Script/Engine.StaticMeshActor Name:StaticMeshActor_UAID_F4B52010A105114602_2027232447 Label:LabirintoModular_Piso_Almofadas__37 SpatiallyLoaded:1 Bounds:IsValid=true, Min=(X=2985.848 Y=1102.914 Z=-7.884), Max=(X=3199.533 Y=1315.276 Z=225.244) RuntimeGrid:None EditorOnly:0 RuntimeOnly:0 HLODRelevant:1 ListedInSceneOutliner:1 IsMainWorldOnly:0
 |   |   |- [+] [ 46]
 |   |   |   |- Guid:EF8ACA514376489C2C2C4E899035051B BaseClass: NativeClass:/Script/Engine.StaticMeshActor Name:StaticMeshActor_UAID_F4B52010A105CA4502_1284217915 Label:LabirintoModular_PISO_ALMOFADA_02_001 SpatiallyLoaded:1 Bounds:IsValid=true, Min=(X=-196.676 Y=2684.124 Z=12.477), Max=(X=-36.183 Y=2844.371 Z=187.324) RuntimeGrid:None EditorOnly:0 RuntimeOnly:0 HLODRelevant:1 ListedInSceneOutliner:1 IsMainWorldOnly:0
 |   |   |- [+] [ 47]
 |   |   |   |- Guid:F9A6CA94454AB80882A90093AFE195A5 BaseClass: NativeClass:/Script/Engine.StaticMeshActor Name:StaticMeshActor_UAID_F4B52010A105114602_1861620412 Label:LabirintoModular_Piso_Almofadas__6 SpatiallyLoaded:1 Bounds:IsValid=true, Min=(X=2162.509 Y=454.253 Z=-7.884), Max=(X=2374.872 Y=667.937 Z=225.244) RuntimeGrid:None EditorOnly:0 RuntimeOnly:0 HLODRelevant:1 ListedInSceneOutliner:1 IsMainWorldOnly:0
 |   |   |- [+] [ 48]
 |   |   |   |- Guid:FCDC87824DE10120C20B6C967211888A BaseClass: NativeClass:/Script/Engine.StaticMeshActor Name:StaticMeshActor_UAID_F4B52010A105114602_2027231446 Label:LabirintoModular_Piso_Almofadas__36 SpatiallyLoaded:1 Bounds:IsValid=true, Min=(X=2985.848 Y=1302.914 Z=-7.884), Max=(X=3199.533 Y=1515.276 Z=225.244) RuntimeGrid:None EditorOnly:0 RuntimeOnly:0 HLODRelevant:1 ListedInSceneOutliner:1 IsMainWorldOnly:0
 |   |   |- [+] [ 49]
 |   |   |   |- Guid:FD3967C94EE9133B095AFFAD2D682EAF BaseClass: NativeClass:/Script/Engine.SkyLight Name:SkyLight_1 Label:SkyLight SpatiallyLoaded:0 Bounds:IsValid=true, Min=(X=0.000 Y=0.000 Z=690.000), Max=(X=0.000 Y=0.000 Z=690.000) RuntimeGrid:None EditorOnly:0 RuntimeOnly:0 HLODRelevant:0 ListedInSceneOutliner:1 IsMainWorldOnly:0 FolderPath:Lighting FolderGuid:963EC3EB4002CCE9759E2EBA541A873A
 |- ContainerInstances:
 |- [+] MainContainer:
 |   |-        ID: 00000000000000000000000000000000
 |   |-  ParentID: 00000000000000000000000000000000
 |   |-    Bounds: IsValid=false, Min=(X=0.000 Y=0.000 Z=0.000), Max=(X=0.000 Y=0.000 Z=0.000)
 |   |- Transform: 0.000000,0.000000,0.000000|0.000000,0.000000,-0.000000|1.000000,1.000000,1.000000
 |   |- Container: /Game/ThirdPerson/Maps/GameJamMapa
----------------------------------------------------------------------------------------------------------------
GameJamMapa - Persistent Level
----------------------------------------------------------------------------------------------------------------
[+] Content of GameJamMapa Persistent Level
 |- Always loaded Actor Count: 50 
 |- Actor Path: /Game/ThirdPerson/Maps/GameJamMapa.GameJamMapa:PersistentLevel.DirectionalLight_0
 |- Actor Package: /Game/__ExternalActors__/ThirdPerson/Maps/GameJamMapa/B/8S/MOUFG3UKFYJF3JN8GVD9IL
 |- Actor Path: /Game/ThirdPerson/Maps/GameJamMapa.GameJamMapa:PersistentLevel.ExponentialHeightFog_0
 |- Actor Package: /Game/__ExternalActors__/ThirdPerson/Maps/GameJamMapa/4/R1/TE8F53CD7Z8XTD3OJIGXUW
 |- Actor Path: /Game/ThirdPerson/Maps/GameJamMapa.GameJamMapa:PersistentLevel.PlayerStart_0
 |- Actor Package: /Game/__ExternalActors__/ThirdPerson/Maps/GameJamMapa/4/HN/JSUE4KFLKX0OQB3XE6UWAL
 |- Actor Path: /Game/ThirdPerson/Maps/GameJamMapa.GameJamMapa:PersistentLevel.PostProcessVolume_0
 |- Actor Package: /Game/__ExternalActors__/ThirdPerson/Maps/GameJamMapa/E/O4/GTLVHNFK3X8FEZDBV8BESR
 |- Actor Path: /Game/ThirdPerson/Maps/GameJamMapa.GameJamMapa:PersistentLevel.SkyAtmosphere_0
 |- Actor Package: /Game/__ExternalActors__/ThirdPerson/Maps/GameJamMapa/A/N2/0Y6R1ANRTBCISUKNX9R2VG
 |- Actor Path: /Game/ThirdPerson/Maps/GameJamMapa.GameJamMapa:PersistentLevel.SkyLight_1
 |- Actor Package: /Game/__ExternalActors__/ThirdPerson/Maps/GameJamMapa/7/PF/1LO3LZI57Z4AFTO3ZWKQG4
 |- Actor Path: /Game/ThirdPerson/Maps/GameJamMapa.GameJamMapa:PersistentLevel.StaticMeshActor_1
 |- Actor Package: /Game/__ExternalActors__/ThirdPerson/Maps/GameJamMapa/C/QC/2NJU9CT0M1JN22U2G5PS5C
 |- Actor Path: /Game/ThirdPerson/Maps/GameJamMapa.GameJamMapa:PersistentLevel.StaticMeshActor_UAID_F4B52010A105114602_1794204407
 |- Actor Package: /Game/__ExternalActors__/ThirdPerson/Maps/GameJamMapa/C/QG/3STIZKLFAP8CHCSPCHT21W
 |- Actor Path: /Game/ThirdPerson/Maps/GameJamMapa.GameJamMapa:PersistentLevel.StaticMeshActor_UAID_F4B52010A105114602_1799348408
 |- Actor Package: /Game/__ExternalActors__/ThirdPerson/Maps/GameJamMapa/E/LU/GJJ6QGTMT4VKTUP44C6S01
 |- Actor Path: /Game/ThirdPerson/Maps/GameJamMapa.GameJamMapa:PersistentLevel.StaticMeshActor_UAID_F4B52010A105114602_1799351409
 |- Actor Package: /Game/__ExternalActors__/ThirdPerson/Maps/GameJamMapa/1/29/BBJR56KNRI04G7H45VSIDN
 |- Actor Path: /Game/ThirdPerson/Maps/GameJamMapa.GameJamMapa:PersistentLevel.StaticMeshActor_UAID_F4B52010A105114602_1853922410
 |- Actor Package: /Game/__ExternalActors__/ThirdPerson/Maps/GameJamMapa/9/V1/YRSSRHV22DJGZ1H372IWHZ
 |- Actor Path: /Game/ThirdPerson/Maps/GameJamMapa.GameJamMapa:PersistentLevel.StaticMeshActor_UAID_F4B52010A105114602_1855406411
 |- Actor Package: /Game/__ExternalActors__/ThirdPerson/Maps/GameJamMapa/F/0X/9QQCVASPKGB110MBVV1CZZ
 |- Actor Path: /Game/ThirdPerson/Maps/GameJamMapa.GameJamMapa:PersistentLevel.StaticMeshActor_UAID_F4B52010A105114602_1861620412
 |- Actor Package: /Game/__ExternalActors__/ThirdPerson/Maps/GameJamMapa/E/EW/T5TG0REIVZDJEH7K51DGF6
 |- Actor Path: /Game/ThirdPerson/Maps/GameJamMapa.GameJamMapa:PersistentLevel.StaticMeshActor_UAID_F4B52010A105114602_1865160413
 |- Actor Package: /Game/__ExternalActors__/ThirdPerson/Maps/GameJamMapa/4/RQ/NQP7NWX4JYXPPBGQ5QE2HD
 |- Actor Path: /Game/ThirdPerson/Maps/GameJamMapa.GameJamMapa:PersistentLevel.StaticMeshActor_UAID_F4B52010A105114602_1869293414
 |- Actor Package: /Game/__ExternalActors__/ThirdPerson/Maps/GameJamMapa/8/4Z/0T8VZBTWZRAG7DULHXPB8V
 |- Actor Path: /Game/ThirdPerson/Maps/GameJamMapa.GameJamMapa:PersistentLevel.StaticMeshActor_UAID_F4B52010A105114602_1871714415
 |- Actor Package: /Game/__ExternalActors__/ThirdPerson/Maps/GameJamMapa/8/2S/IY511OBPGAD6VV8J9T9ZCD
 |- Actor Path: /Game/ThirdPerson/Maps/GameJamMapa.GameJamMapa:PersistentLevel.StaticMeshActor_UAID_F4B52010A105114602_1874701416
 |- Actor Package: /Game/__ExternalActors__/ThirdPerson/Maps/GameJamMapa/7/V2/X0QBRYYYXIEVPNK5O6T77Y
 |- Actor Path: /Game/ThirdPerson/Maps/GameJamMapa.GameJamMapa:PersistentLevel.StaticMeshActor_UAID_F4B52010A105114602_1876542417
 |- Actor Package: /Game/__ExternalActors__/ThirdPerson/Maps/GameJamMapa/3/WV/P2V83N8OU37IU2E2HGE2PJ
 |- Actor Path: /Game/ThirdPerson/Maps/GameJamMapa.GameJamMapa:PersistentLevel.StaticMeshActor_UAID_F4B52010A105114602_1958155419
 |- Actor Package: /Game/__ExternalActors__/ThirdPerson/Maps/GameJamMapa/5/27/EH75J98G7UDTT6TOO2O9QD
 |- Actor Path: /Game/ThirdPerson/Maps/GameJamMapa.GameJamMapa:PersistentLevel.StaticMeshActor_UAID_F4B52010A105114602_1958159421
 |- Actor Package: /Game/__ExternalActors__/ThirdPerson/Maps/GameJamMapa/D/QJ/DF119W8W11I82XL6O11TYR
 |- Actor Path: /Game/ThirdPerson/Maps/GameJamMapa.GameJamMapa:PersistentLevel.StaticMeshActor_UAID_F4B52010A105114602_1958159422
 |- Actor Package: /Game/__ExternalActors__/ThirdPerson/Maps/GameJamMapa/3/6X/WI79S6E7P6FOQBRU0W6GRC
 |- Actor Path: /Game/ThirdPerson/Maps/GameJamMapa.GameJamMapa:PersistentLevel.StaticMeshActor_UAID_F4B52010A105114602_1958160423
 |- Actor Package: /Game/__ExternalActors__/ThirdPerson/Maps/GameJamMapa/8/KB/XYJCBVU7FZTV34V6A1QX5I
 |- Actor Path: /Game/ThirdPerson/Maps/GameJamMapa.GameJamMapa:PersistentLevel.StaticMeshActor_UAID_F4B52010A105114602_1958161424
 |- Actor Package: /Game/__ExternalActors__/ThirdPerson/Maps/GameJamMapa/5/LM/T6DVTE6QSYZF0HQT5GIWCT
 |- Actor Path: /Game/ThirdPerson/Maps/GameJamMapa.GameJamMapa:PersistentLevel.StaticMeshActor_UAID_F4B52010A105114602_1958162425
 |- Actor Package: /Game/__ExternalActors__/ThirdPerson/Maps/GameJamMapa/9/PN/V38ACPNR95G6EPQALRWTA2
 |- Actor Path: /Game/ThirdPerson/Maps/GameJamMapa.GameJamMapa:PersistentLevel.StaticMeshActor_UAID_F4B52010A105114602_1958163426
 |- Actor Package: /Game/__ExternalActors__/ThirdPerson/Maps/GameJamMapa/A/L8/LCXKV4YAFT9Y4N7OUI83XE
 |- Actor Path: /Game/ThirdPerson/Maps/GameJamMapa.GameJamMapa:PersistentLevel.StaticMeshActor_UAID_F4B52010A105114602_1958164427
 |- Actor Package: /Game/__ExternalActors__/ThirdPerson/Maps/GameJamMapa/A/LS/U8WRRAPVV28XYQM4F1LR02
 |- Actor Path: /Game/ThirdPerson/Maps/GameJamMapa.GameJamMapa:PersistentLevel.StaticMeshActor_UAID_F4B52010A105114602_1958166428
 |- Actor Package: /Game/__ExternalActors__/ThirdPerson/Maps/GameJamMapa/8/3J/4R3RO15N9SQX0VUC1I8ENE
 |- Actor Path: /Game/ThirdPerson/Maps/GameJamMapa.GameJamMapa:PersistentLevel.StaticMeshActor_UAID_F4B52010A105114602_1997471429
 |- Actor Package: /Game/__ExternalActors__/ThirdPerson/Maps/GameJamMapa/3/8S/GT3E4BSI269XYIF6CRAMHP
 |- Actor Path: /Game/ThirdPerson/Maps/GameJamMapa.GameJamMapa:PersistentLevel.StaticMeshActor_UAID_F4B52010A105114602_1997474431
 |- Actor Package: /Game/__ExternalActors__/ThirdPerson/Maps/GameJamMapa/4/ZJ/Y24Y6SISZ2HP0YC6OTVDRK
 |- Actor Path: /Game/ThirdPerson/Maps/GameJamMapa.GameJamMapa:PersistentLevel.StaticMeshActor_UAID_F4B52010A105114602_1997474432
 |- Actor Package: /Game/__ExternalActors__/ThirdPerson/Maps/GameJamMapa/E/A7/3L896XDF3MPJJINKNGK7PU
 |- Actor Path: /Game/ThirdPerson/Maps/GameJamMapa.GameJamMapa:PersistentLevel.StaticMeshActor_UAID_F4B52010A105114602_1997476433
 |- Actor Package: /Game/__ExternalActors__/ThirdPerson/Maps/GameJamMapa/7/T3/MFYBJDX7T1M10WCLX0Q6ZJ
 |- Actor Path: /Game/ThirdPerson/Maps/GameJamMapa.GameJamMapa:PersistentLevel.StaticMeshActor_UAID_F4B52010A105114602_1997478434
 |- Actor Package: /Game/__ExternalActors__/ThirdPerson/Maps/GameJamMapa/1/UP/B4HWZ4HGMZFHAPVK0FJKHK
 |- Actor Path: /Game/ThirdPerson/Maps/GameJamMapa.GameJamMapa:PersistentLevel.StaticMeshActor_UAID_F4B52010A105114602_1997479435
 |- Actor Package: /Game/__ExternalActors__/ThirdPerson/Maps/GameJamMapa/1/J5/M64WQMR0QGQ0K1OEL8MUG8
 |- Actor Path: /Game/ThirdPerson/Maps/GameJamMapa.GameJamMapa:PersistentLevel.StaticMeshActor_UAID_F4B52010A105114602_1997480436
 |- Actor Package: /Game/__ExternalActors__/ThirdPerson/Maps/GameJamMapa/0/26/YYDKTYGEZXMNB3EIJL7GGV
 |- Actor Path: /Game/ThirdPerson/Maps/GameJamMapa.GameJamMapa:PersistentLevel.StaticMeshActor_UAID_F4B52010A105114602_1997480437
 |- Actor Package: /Game/__ExternalActors__/ThirdPerson/Maps/GameJamMapa/2/JM/WOD43SJ4AYXBG9RIVNQUDU
 |- Actor Path: /Game/ThirdPerson/Maps/GameJamMapa.GameJamMapa:PersistentLevel.StaticMeshActor_UAID_F4B52010A105114602_1997481438
 |- Actor Package: /Game/__ExternalActors__/ThirdPerson/Maps/GameJamMapa/0/BU/E75Q0FRVVQNB6BPTB3VTPM
 |- Actor Path: /Game/ThirdPerson/Maps/GameJamMapa.GameJamMapa:PersistentLevel.StaticMeshActor_UAID_F4B52010A105114602_2027221439
 |- Actor Package: /Game/__ExternalActors__/ThirdPerson/Maps/GameJamMapa/E/0W/7KOSNMWSMWDH9YHVSCCNKR
 |- Actor Path: /Game/ThirdPerson/Maps/GameJamMapa.GameJamMapa:PersistentLevel.StaticMeshActor_UAID_F4B52010A105114602_2027226441
 |- Actor Package: /Game/__ExternalActors__/ThirdPerson/Maps/GameJamMapa/B/TC/EO96Z44WK0SW8Y2TQP9D10
 |- Actor Path: /Game/ThirdPerson/Maps/GameJamMapa.GameJamMapa:PersistentLevel.StaticMeshActor_UAID_F4B52010A105114602_2027228442
 |- Actor Package: /Game/__ExternalActors__/ThirdPerson/Maps/GameJamMapa/E/GO/H4FYEKW6DISFOEWVS93V3T
 |- Actor Path: /Game/ThirdPerson/Maps/GameJamMapa.GameJamMapa:PersistentLevel.StaticMeshActor_UAID_F4B52010A105114602_2027228443
 |- Actor Package: /Game/__ExternalActors__/ThirdPerson/Maps/GameJamMapa/A/SU/FDACHPPHOH518EGAK7WJQD
 |- Actor Path: /Game/ThirdPerson/Maps/GameJamMapa.GameJamMapa:PersistentLevel.StaticMeshActor_UAID_F4B52010A105114602_2027229444
 |- Actor Package: /Game/__ExternalActors__/ThirdPerson/Maps/GameJamMapa/2/M8/RF9SQR39QBFXJIX8DH0JC5
 |- Actor Path: /Game/ThirdPerson/Maps/GameJamMapa.GameJamMapa:PersistentLevel.StaticMeshActor_UAID_F4B52010A105114602_2027230445
 |- Actor Package: /Game/__ExternalActors__/ThirdPerson/Maps/GameJamMapa/B/HW/K5ZNRR1EXBKGAYS7NKAUGJ
 |- Actor Path: /Game/ThirdPerson/Maps/GameJamMapa.GameJamMapa:PersistentLevel.StaticMeshActor_UAID_F4B52010A105114602_2027231446
 |- Actor Package: /Game/__ExternalActors__/ThirdPerson/Maps/GameJamMapa/D/FO/HEN52YQM8UZXJYCN7974D1
 |- Actor Path: /Game/ThirdPerson/Maps/GameJamMapa.GameJamMapa:PersistentLevel.StaticMeshActor_UAID_F4B52010A105114602_2027232447
 |- Actor Package: /Game/__ExternalActors__/ThirdPerson/Maps/GameJamMapa/9/XH/RRJTCJ3T6UMO42FDT2A9NU
 |- Actor Path: /Game/ThirdPerson/Maps/GameJamMapa.GameJamMapa:PersistentLevel.StaticMeshActor_UAID_F4B52010A105114602_2027233448
 |- Actor Package: /Game/__ExternalActors__/ThirdPerson/Maps/GameJamMapa/4/A7/E97Z48HZ0NDP9VZBZ7TJQJ
 |- Actor Path: /Game/ThirdPerson/Maps/GameJamMapa.GameJamMapa:PersistentLevel.StaticMeshActor_UAID_F4B52010A105CA4502_1284217915
 |- Actor Package: /Game/__ExternalActors__/ThirdPerson/Maps/GameJamMapa/B/RT/OVKZQYNJ0T6NBYVWEOBXKL
 |- Actor Path: /Game/ThirdPerson/Maps/GameJamMapa.GameJamMapa:PersistentLevel.StaticMeshActor_UAID_F4B52010A105CA4502_1284220916
 |- Actor Package: /Game/__ExternalActors__/ThirdPerson/Maps/GameJamMapa/C/VQ/I9IVEJ9ZWRSZRU3ROZJXA3
 |- Actor Path: /Game/ThirdPerson/Maps/GameJamMapa.GameJamMapa:PersistentLevel.StaticMeshActor_UAID_F4B52010A105CA4502_1284222917
 |- Actor Package: /Game/__ExternalActors__/ThirdPerson/Maps/GameJamMapa/F/5C/NAFGXMBW2LGVFLXL02TM34
 |- Actor Path: /Game/ThirdPerson/Maps/GameJamMapa.GameJamMapa:PersistentLevel.VolumetricCloud_0
 |- Actor Package: /Game/__ExternalActors__/ThirdPerson/Maps/GameJamMapa/0/ZS/C4EMD5F5BL5PVG2F3TQSK6
 |- Actor Path: /Game/ThirdPerson/Maps/GameJamMapa.GameJamMapa:PersistentLevel.WorldDataLayers
 |- Actor Package: /Game/__ExternalActors__/ThirdPerson/Maps/GameJamMapa/7/6H/N946KCG1RHYQ1RTPC03DWN

----------------------------------------------------------------------------------------------------------------
GameJamMapa - Runtime Hash Set
----------------------------------------------------------------------------------------------------------------

